# Logfile created on 2025-01-21 05:58:04 +0900 by logger.rb/v1.4.2
I, [2025-01-21T05:58:04.067902 #99508]  INFO -- : Processing row 1: {nil=>nil, "company"=>"株式会社マイスターエンジニアリング", "tel"=>nil, "industry"=>"サンプル", "url"=>"NG", "url_2"=>nil, "mail"=>"2024年06月09日 21時46分07秒", "title"=>"2024年08月21日 06時10分56秒"}
W, [2025-01-21T05:58:04.088463 #99508]  WARN -- : Skipped row 1: Duplicate found (company=株式会社マイスターエンジニアリング, industry=サンプル)
I, [2025-01-21T05:58:04.088696 #99508]  INFO -- : Processing row 2: {nil=>nil, "company"=>"UTエイム株式会社", "tel"=>nil, "industry"=>"サンプル", "url"=>"APP", "url_2"=>nil, "mail"=>"2024年04月09日 21時46分07秒", "title"=>"2024年08月21日 06時10分56秒"}
W, [2025-01-21T05:58:04.107667 #99508]  WARN -- : Skipped row 2: Duplicate found (company=UTエイム株式会社, industry=サンプル)
I, [2025-01-21T05:58:04.107950 #99508]  INFO -- : Processing row 3: {nil=>nil, "company"=>"住友精密工業株式会社", "tel"=>nil, "industry"=>"サンプル", "url"=>"NG", "url_2"=>nil, "mail"=>"2024年05月09日 21時46分07秒", "title"=>"2024年08月21日 06時10分56秒"}
W, [2025-01-21T05:58:04.127361 #99508]  WARN -- : Skipped row 3: Duplicate found (company=住友精密工業株式会社, industry=サンプル)
I, [2025-01-21T05:58:04.127567 #99508]  INFO -- : Processing row 4: {nil=>nil, "company"=>"コニカミノルタ株式会社", "tel"=>nil, "industry"=>"サンプル", "url"=>"APP", "url_2"=>nil, "mail"=>"2024年06月09日 21時46分07秒", "title"=>"2024年08月21日 06時10分57秒"}
W, [2025-01-21T05:58:04.146650 #99508]  WARN -- : Skipped row 4: Duplicate found (company=コニカミノルタ株式会社, industry=サンプル)
I, [2025-01-21T05:58:04.146856 #99508]  INFO -- : Processing row 5: {nil=>nil, "company"=>"株式会社ヨコタコーポレーション", "tel"=>nil, "industry"=>"サンプル", "url"=>"APP", "url_2"=>nil, "mail"=>"2024年04月09日 21時46分07秒", "title"=>"2024年08月21日 06時10分57秒"}
W, [2025-01-21T05:58:04.166261 #99508]  WARN -- : Skipped row 5: Duplicate found (company=株式会社ヨコタコーポレーション, industry=サンプル)
I, [2025-01-21T05:58:04.166487 #99508]  INFO -- : Processing row 6: {nil=>nil, "company"=>"株式会社伊藤金属製作所", "tel"=>nil, "industry"=>"サンプル", "url"=>"NG", "url_2"=>nil, "mail"=>"2024年07月09日 21時46分07秒", "title"=>"2024年08月21日 06時10分58秒"}
W, [2025-01-21T05:58:04.185794 #99508]  WARN -- : Skipped row 6: Duplicate found (company=株式会社伊藤金属製作所, industry=サンプル)
I, [2025-01-21T05:58:04.185988 #99508]  INFO -- : Processing row 7: {nil=>nil, "company"=>"株式会社ツバキ・ナカシマ", "tel"=>nil, "industry"=>"サンプル", "url"=>"NG", "url_2"=>nil, "mail"=>"2024年07月09日 21時46分07秒", "title"=>"2024年08月21日 06時10分58秒"}
W, [2025-01-21T05:58:04.216282 #99508]  WARN -- : Skipped row 7: Duplicate found (company=株式会社ツバキ・ナカシマ, industry=サンプル)
I, [2025-01-21T05:58:04.216506 #99508]  INFO -- : Processing row 8: {nil=>nil, "company"=>"株式会社正英製作所", "tel"=>nil, "industry"=>"サンプル", "url"=>"NG", "url_2"=>nil, "mail"=>"2024年06月09日 21時46分07秒", "title"=>"2024年08月21日 06時10分58秒"}
W, [2025-01-21T05:58:04.236715 #99508]  WARN -- : Skipped row 8: Duplicate found (company=株式会社正英製作所, industry=サンプル)
I, [2025-01-21T05:58:04.236928 #99508]  INFO -- : Processing row 9: {nil=>nil, "company"=>"摂津樹脂工業株式会社", "tel"=>nil, "industry"=>"サンプル", "url"=>"NG", "url_2"=>nil, "mail"=>"2024年06月09日 21時46分07秒", "title"=>"2024年08月21日 06時10分58秒"}
W, [2025-01-21T05:58:04.256447 #99508]  WARN -- : Skipped row 9: Duplicate found (company=摂津樹脂工業株式会社, industry=サンプル)
I, [2025-01-21T05:58:04.256672 #99508]  INFO -- : Processing row 10: {nil=>nil, "company"=>"株式会社堀内果実園", "tel"=>nil, "industry"=>"サンプル", "url"=>"再掲載", "url_2"=>nil, "mail"=>"2024年07月09日 21時46分07秒", "title"=>"2024年08月21日 06時10分58秒"}
W, [2025-01-21T05:58:04.276368 #99508]  WARN -- : Skipped row 10: Duplicate found (company=株式会社堀内果実園, industry=サンプル)
W, [2025-01-21T05:58:04.295962 #99508]  WARN -- : Skipped row 11: Duplicate found (company=company, industry=サンプル)
W, [2025-01-21T05:58:04.315250 #99508]  WARN -- : Skipped row 12: Duplicate found (company=cars株式会社, industry=サンプル)
W, [2025-01-21T05:58:04.335263 #99508]  WARN -- : Skipped row 13: Duplicate found (company=株式会社エス・ケイ・ジェイ, industry=サンプル)
W, [2025-01-21T05:58:04.354983 #99508]  WARN -- : Skipped row 14: Duplicate found (company=坂田自動車工業株式会社, industry=サンプル)
W, [2025-01-21T05:58:04.374571 #99508]  WARN -- : Skipped row 15: Duplicate found (company=有限会社安野自動車整備工場, industry=サンプル)
W, [2025-01-21T05:58:04.394155 #99508]  WARN -- : Skipped row 16: Duplicate found (company=株式会社カインドテクノストラクチャー, industry=サンプル)
W, [2025-01-21T05:58:04.413172 #99508]  WARN -- : Skipped row 17: Duplicate found (company=草加自動車工業株式会社, industry=サンプル)
W, [2025-01-21T05:58:04.432480 #99508]  WARN -- : Skipped row 18: Duplicate found (company=旭マシナリー株式会社, industry=サンプル)
W, [2025-01-21T05:58:04.451913 #99508]  WARN -- : Skipped row 19: Duplicate found (company=株式会社スカイオート, industry=サンプル)
W, [2025-01-21T05:58:04.470932 #99508]  WARN -- : Skipped row 20: Duplicate found (company=はなまる自動車株式会社, industry=サンプル)
W, [2025-01-21T05:58:04.490122 #99508]  WARN -- : Skipped row 21: Duplicate found (company=株式会社黒沢自動車, industry=サンプル)
W, [2025-01-21T05:58:04.509371 #99508]  WARN -- : Skipped row 22: Duplicate found (company=株式会社粕谷自動車, industry=サンプル)
W, [2025-01-21T05:58:04.529471 #99508]  WARN -- : Skipped row 23: Duplicate found (company=株式会社中島自動車, industry=サンプル)
W, [2025-01-21T05:58:04.549078 #99508]  WARN -- : Skipped row 24: Duplicate found (company=有限会社千代田自動車, industry=サンプル)
W, [2025-01-21T05:58:04.568500 #99508]  WARN -- : Skipped row 25: Duplicate found (company=株式会社　まんぺい自動車, industry=サンプル)
W, [2025-01-21T05:58:04.588056 #99508]  WARN -- : Skipped row 26: Duplicate found (company=株式会社クローバーランド, industry=サンプル)
W, [2025-01-21T05:58:04.607514 #99508]  WARN -- : Skipped row 27: Duplicate found (company=株式会社バイタルトップ, industry=サンプル)
W, [2025-01-21T05:58:04.626820 #99508]  WARN -- : Skipped row 28: Duplicate found (company=伊興電機工業株式会社, industry=サンプル)
W, [2025-01-21T05:58:04.646238 #99508]  WARN -- : Skipped row 29: Duplicate found (company=松本自動車株式会社, industry=サンプル)
W, [2025-01-21T05:58:04.665238 #99508]  WARN -- : Skipped row 30: Duplicate found (company=ウチダオ-ト株式会社, industry=サンプル)
W, [2025-01-21T05:58:04.686691 #99508]  WARN -- : Skipped row 31: Duplicate found (company=株式会社カーメイトサクセス, industry=サンプル)
W, [2025-01-21T05:58:04.722178 #99508]  WARN -- : Skipped row 32: Duplicate found (company=有限会社島モータース, industry=サンプル)
W, [2025-01-21T05:58:04.742625 #99508]  WARN -- : Skipped row 33: Duplicate found (company=山三電機株式会社, industry=サンプル)
W, [2025-01-21T05:58:04.768331 #99508]  WARN -- : Skipped row 34: Duplicate found (company=ツヅラヌキ株式会社, industry=サンプル)
W, [2025-01-21T05:58:04.802368 #99508]  WARN -- : Skipped row 35: Duplicate found (company=清田自動車整備株式会社, industry=サンプル)
W, [2025-01-21T05:58:04.822870 #99508]  WARN -- : Skipped row 36: Duplicate found (company=株式会社横川鉱油, industry=サンプル)
W, [2025-01-21T05:58:04.851830 #99508]  WARN -- : Skipped row 37: Duplicate found (company=有限会社東京自動車, industry=サンプル)
W, [2025-01-21T05:58:04.871518 #99508]  WARN -- : Skipped row 38: Duplicate found (company=株式会社ボディーショップハマナ, industry=サンプル)
W, [2025-01-21T05:58:04.891218 #99508]  WARN -- : Skipped row 39: Duplicate found (company=有限会社中妻自動車工業, industry=サンプル)
W, [2025-01-21T05:58:04.910631 #99508]  WARN -- : Skipped row 40: Duplicate found (company=株式会社東京車輛, industry=サンプル)
W, [2025-01-21T05:58:04.930169 #99508]  WARN -- : Skipped row 41: Duplicate found (company=有限会社カーリペア浅川自工, industry=サンプル)
W, [2025-01-21T05:58:04.949935 #99508]  WARN -- : Skipped row 42: Duplicate found (company=幸伸興業株式会社, industry=サンプル)
W, [2025-01-21T05:58:04.995989 #99508]  WARN -- : Skipped row 43: Duplicate found (company=関東菱油株式会社, industry=サンプル)
W, [2025-01-21T05:58:05.018170 #99508]  WARN -- : Skipped row 44: Duplicate found (company=株式会社サンペイ, industry=サンプル)
W, [2025-01-21T05:58:05.037827 #99508]  WARN -- : Skipped row 45: Duplicate found (company=ニッポン自動車整備株式会社, industry=サンプル)
W, [2025-01-21T05:58:05.057609 #99508]  WARN -- : Skipped row 46: Duplicate found (company=株式会社ワイズ, industry=サンプル)
W, [2025-01-21T05:58:05.078396 #99508]  WARN -- : Skipped row 47: Duplicate found (company=テラダ・トレーディング株式会社, industry=サンプル)
W, [2025-01-21T05:58:05.098000 #99508]  WARN -- : Skipped row 48: Duplicate found (company=住友建機株式会社, industry=サンプル)
W, [2025-01-21T05:58:05.118678 #99508]  WARN -- : Skipped row 49: Duplicate found (company=岩機ダイカスト工業株式会社, industry=サンプル)
W, [2025-01-21T05:58:05.139441 #99508]  WARN -- : Skipped row 50: Duplicate found (company=株式会社カナエ産業, industry=サンプル)
W, [2025-01-21T05:58:05.171573 #99508]  WARN -- : Skipped row 51: Duplicate found (company=株式会社エスキューブ, industry=サンプル)
W, [2025-01-21T05:58:05.192980 #99508]  WARN -- : Skipped row 52: Duplicate found (company=株式会社ソリューションジャパン, industry=サンプル)
W, [2025-01-21T05:58:05.235987 #99508]  WARN -- : Skipped row 53: Duplicate found (company=戸田精密工業株式会社, industry=サンプル)
W, [2025-01-21T05:58:05.261441 #99508]  WARN -- : Skipped row 54: Duplicate found (company=アトムメディカル株式会社, industry=サンプル)
W, [2025-01-21T05:58:05.282196 #99508]  WARN -- : Skipped row 55: Duplicate found (company=株式会社関水金属, industry=サンプル)
W, [2025-01-21T05:58:05.301931 #99508]  WARN -- : Skipped row 56: Duplicate found (company=マーレジャパン株式会社, industry=サンプル)
W, [2025-01-21T05:58:05.322158 #99508]  WARN -- : Skipped row 57: Duplicate found (company=旭工芸株式会社, industry=サンプル)
W, [2025-01-21T05:58:05.342207 #99508]  WARN -- : Skipped row 58: Duplicate found (company=栄和プレス工業株式会社, industry=サンプル)
W, [2025-01-21T05:58:05.371936 #99508]  WARN -- : Skipped row 59: Duplicate found (company=イナダイコー株式会社, industry=サンプル)
W, [2025-01-21T05:58:05.392082 #99508]  WARN -- : Skipped row 60: Duplicate found (company=株式会社リケン環境システム, industry=サンプル)
W, [2025-01-21T05:58:05.411916 #99508]  WARN -- : Skipped row 61: Duplicate found (company=東峰産業株式会社, industry=サンプル)
W, [2025-01-21T05:58:05.431648 #99508]  WARN -- : Skipped row 62: Duplicate found (company=株式会社丸三製作所, industry=サンプル)
W, [2025-01-21T05:58:05.451655 #99508]  WARN -- : Skipped row 63: Duplicate found (company=株式会社ニコンテック, industry=サンプル)
W, [2025-01-21T05:58:05.470916 #99508]  WARN -- : Skipped row 64: Duplicate found (company=アンテナ技研株式会社, industry=サンプル)
W, [2025-01-21T05:58:05.491132 #99508]  WARN -- : Skipped row 65: Duplicate found (company=株式会社酒井木型製作所, industry=サンプル)
W, [2025-01-21T05:58:05.511122 #99508]  WARN -- : Skipped row 66: Duplicate found (company=有限会社アスパック, industry=サンプル)
W, [2025-01-21T05:58:05.530910 #99508]  WARN -- : Skipped row 67: Duplicate found (company=協和電機化学株式会社, industry=サンプル)
W, [2025-01-21T05:58:05.550684 #99508]  WARN -- : Skipped row 68: Duplicate found (company=協和資材株式会社, industry=サンプル)
W, [2025-01-21T05:58:05.577673 #99508]  WARN -- : Skipped row 69: Duplicate found (company=ミツマ化成株式会社, industry=サンプル)
W, [2025-01-21T05:58:05.597029 #99508]  WARN -- : Skipped row 70: Duplicate found (company=越谷化成工業株式会社, industry=サンプル)
W, [2025-01-21T05:58:05.616476 #99508]  WARN -- : Skipped row 71: Duplicate found (company=江戸川ポリマー株式会社, industry=サンプル)
W, [2025-01-21T05:58:05.635481 #99508]  WARN -- : Skipped row 72: Duplicate found (company=秩父プラスチック工業株式会社, industry=サンプル)
W, [2025-01-21T05:58:05.655039 #99508]  WARN -- : Skipped row 73: Duplicate found (company=栄和化工株式会社, industry=サンプル)
W, [2025-01-21T05:58:05.674176 #99508]  WARN -- : Skipped row 74: Duplicate found (company=シルックス株式会社, industry=サンプル)
W, [2025-01-21T05:58:05.694206 #99508]  WARN -- : Skipped row 75: Duplicate found (company=大日本パックェージ株式会社, industry=サンプル)
W, [2025-01-21T05:58:05.714072 #99508]  WARN -- : Skipped row 76: Duplicate found (company=伸興化成株式会社, industry=サンプル)
W, [2025-01-21T05:58:05.733679 #99508]  WARN -- : Skipped row 77: Duplicate found (company=日本エマルジョン株式会社, industry=サンプル)
W, [2025-01-21T05:58:05.752937 #99508]  WARN -- : Skipped row 78: Duplicate found (company=イーグル工業株式会社, industry=サンプル)
W, [2025-01-21T05:58:05.771973 #99508]  WARN -- : Skipped row 79: Duplicate found (company=アイエスエンジニアリング株式会社, industry=サンプル)
W, [2025-01-21T05:58:05.795135 #99508]  WARN -- : Skipped row 80: Duplicate found (company=三井住友金属鉱山伸銅株式会社, industry=サンプル)
W, [2025-01-21T05:58:05.825702 #99508]  WARN -- : Skipped row 81: Duplicate found (company=田島ルーフィング株式会社, industry=サンプル)
W, [2025-01-21T05:58:05.845215 #99508]  WARN -- : Skipped row 82: Duplicate found (company=株式会社日金, industry=サンプル)
W, [2025-01-21T05:58:05.865825 #99508]  WARN -- : Skipped row 83: Duplicate found (company=塩見鋼材株式会社, industry=サンプル)
W, [2025-01-21T05:58:05.885316 #99508]  WARN -- : Skipped row 84: Duplicate found (company=伊達機械株式会社, industry=サンプル)
W, [2025-01-21T05:58:05.904798 #99508]  WARN -- : Skipped row 85: Duplicate found (company=株式会社光輝, industry=サンプル)
W, [2025-01-21T05:58:05.923666 #99508]  WARN -- : Skipped row 86: Duplicate found (company=DOWAハイテック株式会社, industry=サンプル)
W, [2025-01-21T05:58:05.943247 #99508]  WARN -- : Skipped row 87: Duplicate found (company=株式会社フロムワン, industry=サンプル)
W, [2025-01-21T05:58:05.962358 #99508]  WARN -- : Skipped row 88: Duplicate found (company=サンエー精工株式会社, industry=サンプル)
W, [2025-01-21T05:58:05.992463 #99508]  WARN -- : Skipped row 89: Duplicate found (company=シードット株式会社, industry=サンプル)
W, [2025-01-21T05:58:06.014798 #99508]  WARN -- : Skipped row 90: Duplicate found (company=株式会社谷川電機製作所, industry=サンプル)
W, [2025-01-21T05:58:06.034202 #99508]  WARN -- : Skipped row 91: Duplicate found (company=豊盛工業株式会社, industry=サンプル)
W, [2025-01-21T05:58:06.065855 #99508]  WARN -- : Skipped row 92: Duplicate found (company=有限会社光信理化学製作所, industry=サンプル)
W, [2025-01-21T05:58:06.085886 #99508]  WARN -- : Skipped row 93: Duplicate found (company=宮内金属工業株式会社, industry=サンプル)
W, [2025-01-21T05:58:06.105505 #99508]  WARN -- : Skipped row 94: Duplicate found (company=株式会社久保製作所, industry=サンプル)
W, [2025-01-21T05:58:06.125084 #99508]  WARN -- : Skipped row 95: Duplicate found (company=株式会社ユニシス, industry=サンプル)
W, [2025-01-21T05:58:06.144430 #99508]  WARN -- : Skipped row 96: Duplicate found (company=泰東精密株式会社, industry=サンプル)
W, [2025-01-21T05:58:06.163982 #99508]  WARN -- : Skipped row 97: Duplicate found (company=有限会社ユニバーサル三芳工場, industry=サンプル)
W, [2025-01-21T05:58:06.182908 #99508]  WARN -- : Skipped row 98: Duplicate found (company=電気興業株式会社, industry=サンプル)
W, [2025-01-21T05:58:06.202835 #99508]  WARN -- : Skipped row 99: Duplicate found (company=株式会社東京精工, industry=サンプル)
I, [2025-01-21T05:58:06.203092 #99508]  INFO -- : Processing row 100: {nil=>nil, "company"=>"ユニパルス株式会社", "tel"=>nil, "industry"=>"サンプル", "url"=>"永久NG", "url_2"=>nil, "mail"=>"2024年03月09日 21時46分08秒", "title"=>"2024年08月27日 07時55分32秒"}
W, [2025-01-21T05:58:06.223104 #99508]  WARN -- : Skipped row 100: Duplicate found (company=ユニパルス株式会社, industry=サンプル)
I, [2025-01-21T05:58:06.223308 #99508]  INFO -- : Successfully imported 0 repurposed customers
