20240724 220016 269533 株式会社タイセイ静岡営業所 https://www.gtaisei.com/%E3%81%8A%E5%95%8F%E3%81%84%E5%90%88%E3%82%8F%E3%81%9B 送信開始
20240724 220018 .//*[contains(text(), "問い合わせ") and not(self::input or self::textarea)]
20240724 220019 ​お問い合わせフォーム
20240724 220019 following::input[not(@type="hidden")][1] | following::textarea[not(@type="hidden")][1]
20240724 220019 <textarea id="textarea_comp-kfluyqjb" class="rEindN has-custom-focus wixui-text-box__input" placeholder="" required="" aria-required="true"></textarea>
20240724 220019 .//*[contains(text(), "会社名") and not(self::input or self::textarea)]
20240724 220020 会社名
20240724 220020 following::input[not(@type="hidden")][1] | following::textarea[not(@type="hidden")][1]
20240724 220020 <input name="会社名" id="input_comp-kflv2x7m" class="KvoMHf has-custom-focus wixui-text-input__input" type="text" placeholder="" required="" aria-required="true" maxlength="100" autocomplete="off" value="">
20240724 220020 .//*[contains(text(), "メールアドレス") and not(self::input or self::textarea)]
20240724 220020 メールアドレス
20240724 220020 following::input[not(@type="hidden")][1] | following::textarea[not(@type="hidden")][1]
20240724 220020 <input name="email" id="input_comp-kfluyqj11" class="KvoMHf has-custom-focus wixui-text-input__input" type="email" placeholder="" required="" aria-required="true" pattern="^.+@.+\.[a-zA-Z]{2,63}$" maxlength="250" autocomplete="off" value="">
20240724 220021 .//*[contains(text(), "ふりがな") and not(self::input or self::textarea)]
20240724 220031 .//*[contains(text(), "フリガナ") and not(self::input or self::textarea)]
20240724 220041 .//*[contains(text(), "かな") and not(self::input or self::textarea)]
20240724 220051 .//*[contains(text(), "カナ") and not(self::input or self::textarea)]
20240724 220101 .//*[contains(text(), "せい") and not(self::input or self::textarea)]
20240724 220111 .//*[contains(text(), "めい") and not(self::input or self::textarea)]
20240724 220121 .//*[contains(text(), "セイ") and not(self::input or self::textarea)]
20240724 220131 .//*[contains(text(), "メイ") and not(self::input or self::textarea)]
20240724 220141 .//*[contains(text(), "都道府県") and not(self::input or self::textarea)]
20240724 220151 .//*[contains(text(), "住所") and not(self::input or self::textarea)]
20240724 220201 .//*[contains(text(), "件名") and not(self::input or self::textarea)]
20240724 220211 .//*[contains(text(), "ホームページURL") and not(self::input or self::textarea)]
20240724 220221 .//*[contains(text(), "担当者") and not(self::input or self::textarea)]
20240724 220221 ​担当者より2営業日以内に折り返しご連絡いたします。
20240724 220221 following::input[not(@type="hidden")][1] | following::textarea[not(@type="hidden")][1]
20240724 220231 .//*[contains(text(), "お名前") and not(self::input or self::textarea)]
20240724 220241 .//*[contains(text(), "名前") and not(self::input or self::textarea)]
20240724 220251 .//*[contains(text(), "性") and not(self::input or self::textarea)]
20240724 220301 .//*[contains(text(), "名") and not(self::input or self::textarea)]
20240724 220301 名
20240724 220301 following::input[not(@type="hidden")][1] | following::textarea[not(@type="hidden")][1]
20240724 220301 <input name="名" id="input_comp-kfluyqix" class="KvoMHf has-custom-focus wixui-text-input__input" type="text" placeholder="" required="" aria-required="true" maxlength="100" autocomplete="off" value="">
20240724 220301 .//*[contains(text(), "電話番号") and not(self::input or self::textarea)]
20240724 220301 電話番号
20240724 220301 following::input[not(@type="hidden")][1] | following::textarea[not(@type="hidden")][1]
20240724 220301 <input name="phone" id="input_comp-kfluyqj5" class="KvoMHf has-custom-focus wixui-text-input__input" type="tel" placeholder="" required="" aria-required="true" maxlength="50" autocomplete="off" value="">
20240724 220301 .//*[contains(text(), "年齢") and not(self::input or self::textarea)]
20240724 220311 .//*[contains(text(), "郵便番号") and not(self::input or self::textarea)]
20240724 220321 .//*[contains(text(), "〒") and not(self::input or self::textarea)]
20240724 220344 bundle exec rails update_contact_status:update  contact_tracking_id=269533 update_mode=2
20240724 220350 https://www.gtaisei.com/%E3%81%8A%E5%95%8F%E3%81%84%E5%90%88%E3%82%8F%E3%81%9B 送信失敗（004）
20240724 220352 269534 株式会社エルピースタッフ https://lpstaff.jp/contact/ 送信開始
20240724 220357 .//*[contains(text(), "問い合わせ") and not(self::input or self::textarea)]
20240724 220357 お問い合わせ内容<span class="f14 hissu">必須</span>
20240724 220357 following::input[not(@type="hidden")][1] | following::textarea[not(@type="hidden")][1]
20240724 220357 <textarea cols="40" rows="10" class="wpcf7-form-control wpcf7-textarea wpcf7-validates-as-required" aria-required="true" aria-invalid="false" name="your-message"></textarea>
20240724 220357 .//*[contains(text(), "会社名") and not(self::input or self::textarea)]
20240724 220407 .//*[contains(text(), "企業") and not(self::input or self::textarea)]
20240724 220407 企業・団体名
20240724 220407 following::input[not(@type="hidden")][1] | following::textarea[not(@type="hidden")][1]
20240724 220407 <input size="40" class="wpcf7-form-control wpcf7-text w100" aria-invalid="false" value="" type="text" name="your-campany">
20240724 220407 .//*[contains(text(), "メールアドレス") and not(self::input or self::textarea)]
20240724 220407 メールアドレス<span class="f14 hissu">必須</span>
20240724 220407 following::input[not(@type="hidden")][1] | following::textarea[not(@type="hidden")][1]
20240724 220407 <input size="40" class="wpcf7-form-control wpcf7-email wpcf7-validates-as-required wpcf7-text wpcf7-validates-as-email wpcf7-not-valid" aria-required="true" aria-invalid="true" placeholder="半角英数字でご入力ください" value="" type="email" name="your-email" aria-describedby="wpcf7-f2753-p2751-o1-ve-your-email">
20240724 220407 .//*[contains(text(), "ふりがな") and not(self::input or self::textarea)]
20240724 220417 .//*[contains(text(), "フリガナ") and not(self::input or self::textarea)]
20240724 220417 フリガナ<span class="f14 hissu">必須</span>
20240724 220417 following::input[not(@type="hidden")][1] | following::textarea[not(@type="hidden")][1]
20240724 220417 <input size="40" class="wpcf7-form-control wpcf7-text wpcf7-validates-as-required w100 wpcf7-not-valid" aria-required="true" aria-invalid="true" value="" type="text" name="your-kana" aria-describedby="wpcf7-f2753-p2751-o1-ve-your-kana">
20240724 220418 .//*[contains(text(), "都道府県") and not(self::input or self::textarea)]
20240724 220418 都道府県
20240724 220418 following::input[not(@type="hidden")][1] | following::textarea[not(@type="hidden")][1]
20240724 220418 <input size="40" class="wpcf7-form-control wpcf7-text w100" id="pref" aria-invalid="false" value="" type="text" name="pref">
20240724 220418 .//*[contains(text(), "件名") and not(self::input or self::textarea)]
20240724 220428 .//*[contains(text(), "ホームページURL") and not(self::input or self::textarea)]
20240724 220438 .//*[contains(text(), "担当者") and not(self::input or self::textarea)]
20240724 220448 .//*[contains(text(), "お名前") and not(self::input or self::textarea)]
20240724 220448 お名前<span class="f14 hissu">必須</span>
20240724 220448 following::input[not(@type="hidden")][1] | following::textarea[not(@type="hidden")][1]
20240724 220448 <input size="40" class="wpcf7-form-control wpcf7-text wpcf7-validates-as-required w100 wpcf7-not-valid" aria-required="true" aria-invalid="true" value="" type="text" name="your-name" aria-describedby="wpcf7-f2753-p2751-o1-ve-your-name">
20240724 220448 .//*[contains(text(), "電話番号") and not(self::input or self::textarea)]
20240724 220448 電話番号
20240724 220448 following::input[not(@type="hidden")][1] | following::textarea[not(@type="hidden")][1]
20240724 220448 <input size="40" class="wpcf7-form-control wpcf7-tel wpcf7-text wpcf7-validates-as-tel" aria-invalid="false" value="" type="tel" name="your-tel">
20240724 220448 .//*[contains(text(), "年齢") and not(self::input or self::textarea)]
20240724 220458 .//*[contains(text(), "郵便番号") and not(self::input or self::textarea)]
20240724 220458 郵便番号
20240724 220458 following::input[not(@type="hidden")][1] | following::textarea[not(@type="hidden")][1]
20240724 220458 .//*[contains(text(), "〒") and not(self::input or self::textarea)]
20240724 220535 bundle exec rails update_contact_status:update  contact_tracking_id=269534 update_mode=2
20240724 220540 https://lpstaff.jp/contact/ 送信失敗（004）
20240724 220541 269535 JPC株式会社 https://www.jpc.co.jp/contact/ 送信開始
20240724 220543 お問い合わせ内容 問い合わせ
20240724 220543 .//*[contains(text(), "問い合わせ") and not(self::input or self::textarea)]
20240724 220544 お問い合わせ内容<em>必須</em>
20240724 220544 following::input[not(@type="hidden")][1] | following::textarea[not(@type="hidden")][1]
20240724 220544 .//*[contains(text(), "問合わせ") and not(self::input or self::textarea)]
20240724 220554 .//*[contains(text(), "問合せ") and not(self::input or self::textarea)]
20240724 220604 .//*[contains(text(), "相談内容") and not(self::input or self::textarea)]
20240724 220614 .//*[contains(text(), "ご質問") and not(self::input or self::textarea)]
20240724 220624 .//*[contains(text(), "ご用件") and not(self::input or self::textarea)]
20240724 220634 .//*[contains(text(), "コメント") and not(self::input or self::textarea)]
20240724 220644 .//*[contains(text(), "本文") and not(self::input or self::textarea)]
20240724 220654 .//*[contains(text(), "要望") and not(self::input or self::textarea)]
20240724 220704 .//*[contains(text(), "内容") and not(self::input or self::textarea)]
20240724 220704 お問い合わせ内容<em>必須</em>
20240724 220704 following::input[not(@type="hidden")][1] | following::textarea[not(@type="hidden")][1]
20240724 220704 .//*[contains(text(), "その他") and not(self::input or self::textarea)]
20240724 220714 .//*[contains(text(), "メッセージ") and not(self::input or self::textarea)]
20240724 220724 .//*[contains(text(), "会社名") and not(self::input or self::textarea)]
20240724 220734 .//*[contains(text(), "企業") and not(self::input or self::textarea)]
20240724 220744 .//*[contains(text(), "団体") and not(self::input or self::textarea)]
20240724 220754 .//*[contains(text(), "メールアドレス") and not(self::input or self::textarea)]
20240724 220754 メールアドレス<em>必須</em>
20240724 220754 following::input[not(@type="hidden")][1] | following::textarea[not(@type="hidden")][1]
20240724 220754 <input type="email" name="メールアドレス" size="60" value="" placeholder="例）info@jpc.co.jp" data-conv-half-alphanumeric="true">
20240724 220754 .//*[contains(text(), "ふりがな") and not(self::input or self::textarea)]
20240724 220804 .//*[contains(text(), "フリガナ") and not(self::input or self::textarea)]
20240724 220814 .//*[contains(text(), "かな") and not(self::input or self::textarea)]
20240724 220824 .//*[contains(text(), "カナ") and not(self::input or self::textarea)]
20240724 220834 .//*[contains(text(), "せい") and not(self::input or self::textarea)]
20240724 220844 .//*[contains(text(), "めい") and not(self::input or self::textarea)]
20240724 220854 .//*[contains(text(), "セイ") and not(self::input or self::textarea)]
20240724 220904 .//*[contains(text(), "メイ") and not(self::input or self::textarea)]
20240724 220914 .//*[contains(text(), "都道府県") and not(self::input or self::textarea)]
20240724 220924 .//*[contains(text(), "住所") and not(self::input or self::textarea)]
20240724 220924 ご住所
20240724 220924 following::input[not(@type="hidden")][1] | following::textarea[not(@type="hidden")][1]
20240724 220925 <input type="text" name="ご住所" size="60" value="" placeholder="例）新潟県長岡市坂之上町2丁目4番地4">
20240724 220925 .//*[contains(text(), "件名") and not(self::input or self::textarea)]
20240724 220935 .//*[contains(text(), "ホームページURL") and not(self::input or self::textarea)]
20240724 220945 .//*[contains(text(), "担当者") and not(self::input or self::textarea)]
20240724 220955 .//*[contains(text(), "お名前") and not(self::input or self::textarea)]
20240724 220955 お名前<em>必須</em>
20240724 220955 following::input[not(@type="hidden")][1] | following::textarea[not(@type="hidden")][1]
20240724 220955 <input type="text" name="お名前" size="60" value="" placeholder="例）長岡　太郎">
20240724 220955 .//*[contains(text(), "電話番号") and not(self::input or self::textarea)]
20240724 220955 お電話番号
20240724 220955 following::input[not(@type="hidden")][1] | following::textarea[not(@type="hidden")][1]
20240724 220955 <input type="text" name="お電話番号[data][0]" size="6" maxlength="5" value="" data-conv-half-alphanumeric="true">
20240724 220955 .//*[contains(text(), "年齢") and not(self::input or self::textarea)]
20240724 221005 .//*[contains(text(), "郵便番号") and not(self::input or self::textarea)]
20240724 221015 .//*[contains(text(), "〒") and not(self::input or self::textarea)]
20240724 221053 <form method="post" action="" enctype="multipart/form-data"><table>
<tbody>
<tr>
<th>貴社名</th>
<td>　<input type="hidden" name="貴社名" value="　">
</td>
</tr>
<tr>
<th>お名前<em>必須</em></th>
<td>山上　陸<input type="hidden" name="お名前" value="山上　陸">
</td>
</tr>
<tr>
<th>メールアドレス<em>必須</em></th>
<td>mail@ri-plus.jp<input type="hidden" name="メールアドレス" value="mail@ri-plus.jp">
</td>
</tr>
<tr>
<th>お電話番号</th>
<td>050-5-000-000<input type="hidden" name="お電話番号[data]" value="050-5-000-000">
<input type="hidden" name="お電話番号[separator]" value="-">
</td>
</tr>
<tr>
<th>ご住所</th>
<td>東京都中央区銀座1-22-11 2F<input type="hidden" name="ご住所" value="東京都中央区銀座1-22-11 2F">
</td>
</tr>
<tr>
<th>お問い合わせ内容<em>必須</em></th>
<td>突然のご連絡失礼致します。<br>
私、アポ匠の山上と申します。<br>
当社はテレアポ代行を生業としている企業となり、人材派遣・人材紹介・外国人人材紹介に専門性を持ち、事業運営をさせていただいております。<br>
<br>
特徴として、様々な求人サイトより直近１週間以内のアクティブな新着求人に対してどこよりも早く架電することが出来るため、有力なアポイントメント獲得をお手伝いすることができます。<br>
<br>
現在当社では、以下のキャンペーンを実施しており、新規企業開拓をお考えであれば是非ともお手伝いさせて頂きたく存じます。<br>
<br>
◼︎導入費用0円<br>
◼︎トークスクリプト費用0円<br>
◼︎アポイント25件からのトライアル契約<br>
<br>
ご利用頂ける企業様には限りが御座います。メール返信限定でのキャンペーンとなっておりますので、ご検討頂ける場合『トライアル希望』の旨をお返事頂ければと存じます。<br>
<br>
この度は貴重なお時間ありがとうございました。<input type="hidden" name="お問い合わせ内容" value="突然のご連絡失礼致します。
私、アポ匠の山上と申します。
当社はテレアポ代行を生業としている企業となり、人材派遣・人材紹介・外国人人材紹介に専門性を持ち、事業運営をさせていただいております。

特徴として、様々な求人サイトより直近１週間以内のアクティブな新着求人に対してどこよりも早く架電することが出来るため、有力なアポイントメント獲得をお手伝いすることができます。

現在当社では、以下のキャンペーンを実施しており、新規企業開拓をお考えであれば是非ともお手伝いさせて頂きたく存じます。

◼︎導入費用0円
◼︎トークスクリプト費用0円
◼︎アポイント25件からのトライアル契約

ご利用頂ける企業様には限りが御座います。メール返信限定でのキャンペーンとなっておりますので、ご検討頂ける場合『トライアル希望』の旨をお返事頂ければと存じます。

この度は貴重なお時間ありがとうございました。">
</td>
</tr>
</tbody>
</table>
<div class="btn"><input type="submit" name="submitBack" value="戻る">
<input type="submit" name="mwform_submitButton-947" value="送信する">
</div><input type="hidden" id="mw_wp_form_token" name="mw_wp_form_token" value="39cad2792f"><input type="hidden" name="_wp_http_referer" value="/contact/contact-confirm/"><input type="hidden" name="mw-wp-form-form-id" value="47"><input type="hidden" name="mw-wp-form-form-verify-token" value="e3647e1be2c1baf5d3fd4bbfdecd3d2a9ba4b090"></form>
20240724 221106 bundle exec rails update_contact_status:update  contact_tracking_id=269535 update_mode=1
20240724 221111 https://www.jpc.co.jp/contact/ 送信成功
20240724 221113 269536 株式会社エー・オー・シー https://www.aoc-net.co.jp/contact/ 送信開始
20240724 221126 .//*[contains(text(), "問い合わせ") and not(self::input or self::textarea)]
20240724 221126 お問い合わせ内容※
20240724 221126 following::input[not(@type="hidden")][1] | following::textarea[not(@type="hidden")][1]
20240724 221126 <textarea name="your-message" cols="40" rows="10" class="wpcf7-form-control wpcf7-textarea wpcf7-validates-as-required" aria-required="true" aria-invalid="false"></textarea>
20240724 221126 .//*[contains(text(), "会社名") and not(self::input or self::textarea)]
20240724 221136 .//*[contains(text(), "企業") and not(self::input or self::textarea)]
20240724 221136 ・個人の業務遂行能力等の情報については、派遣先（請負先）企業に開示することがあります。<br>・求職者支援訓練（エンジニアキャンプ）受講者の個人情報については、機構支部（高齢・障害・求職者雇用支援機構）及び管轄する労働局に開示する場合があります。

20240724 221136 following::input[not(@type="hidden")][1] | following::textarea[not(@type="hidden")][1]
20240724 221136 .//*[contains(text(), "団体") and not(self::input or self::textarea)]
20240724 221146 .//*[contains(text(), "メールアドレス") and not(self::input or self::textarea)]
20240724 221146 メールアドレス※
20240724 221146 following::input[not(@type="hidden")][1] | following::textarea[not(@type="hidden")][1]
20240724 221146 <input type="email" name="your-email" value="" size="40" class="wpcf7-form-control wpcf7-text wpcf7-email wpcf7-validates-as-required wpcf7-validates-as-email" aria-required="true" aria-invalid="false">
20240724 221146 .//*[contains(text(), "ふりがな") and not(self::input or self::textarea)]
20240724 221156 .//*[contains(text(), "フリガナ") and not(self::input or self::textarea)]
20240724 221156 フリガナ※
20240724 221156 following::input[not(@type="hidden")][1] | following::textarea[not(@type="hidden")][1]
20240724 221156 <input type="text" name="your-namekana" value="" size="40" class="wpcf7-form-control wpcf7-text wpcf7-validates-as-required" aria-required="true" aria-invalid="false">
20240724 221157 .//*[contains(text(), "都道府県") and not(self::input or self::textarea)]
20240724 221207 .//*[contains(text(), "住所") and not(self::input or self::textarea)]
20240724 221217 .//*[contains(text(), "件名") and not(self::input or self::textarea)]
20240724 221227 .//*[contains(text(), "ホームページURL") and not(self::input or self::textarea)]
20240724 221237 .//*[contains(text(), "担当者") and not(self::input or self::textarea)]
20240724 221237 ご担当者のお名前※
20240724 221237 following::input[not(@type="hidden")][1] | following::textarea[not(@type="hidden")][1]
20240724 221237 <input type="text" name="your-name" value="" size="40" class="wpcf7-form-control wpcf7-text wpcf7-validates-as-required" aria-required="true" aria-invalid="false">
20240724 221237 .//*[contains(text(), "電話番号") and not(self::input or self::textarea)]
20240724 221237 ご連絡先の電話番号※
20240724 221237 following::input[not(@type="hidden")][1] | following::textarea[not(@type="hidden")][1]
20240724 221237 <input type="text" name="your-phone" value="" size="40" class="wpcf7-form-control wpcf7-text wpcf7-validates-as-required" aria-required="true" aria-invalid="false">
20240724 221237 .//*[contains(text(), "年齢") and not(self::input or self::textarea)]
20240724 221247 .//*[contains(text(), "郵便番号") and not(self::input or self::textarea)]
20240724 221257 .//*[contains(text(), "〒") and not(self::input or self::textarea)]
20240724 221320 bundle exec rails update_contact_status:update  contact_tracking_id=269536 update_mode=2
20240724 221326 https://www.aoc-net.co.jp/contact/ 送信失敗（004）
20240724 221328 269537 株式会社フレンドパーク https://friendpark.co.jp/contact_p.php 送信開始
20240724 221340 .//*[contains(text(), "問い合わせ") and not(self::input or self::textarea)]
20240724 221350 .//*[contains(text(), "問合わせ") and not(self::input or self::textarea)]
20240724 221400 .//*[contains(text(), "問合せ") and not(self::input or self::textarea)]
20240724 221400  - お問合せ
20240724 221400 following::input[not(@type="hidden")][1] | following::textarea[not(@type="hidden")][1]
20240724 221400 <textarea name="p_ask" rows="7" style="ime-mode: active"></textarea>
20240724 221400 .//*[contains(text(), "会社名") and not(self::input or self::textarea)]
20240724 221410 .//*[contains(text(), "企業") and not(self::input or self::textarea)]
20240724 221420 .//*[contains(text(), "団体") and not(self::input or self::textarea)]
20240724 221430 .//*[contains(text(), "メールアドレス") and not(self::input or self::textarea)]
20240724 221440 .//*[contains(text(), "メール") and not(self::input or self::textarea)]
20240724 221451 .//*[contains(text(), "ふりがな") and not(self::input or self::textarea)]
20240724 221501 .//*[contains(text(), "フリガナ") and not(self::input or self::textarea)]
20240724 221511 .//*[contains(text(), "かな") and not(self::input or self::textarea)]
20240724 221521 .//*[contains(text(), "カナ") and not(self::input or self::textarea)]
20240724 221531 .//*[contains(text(), "せい") and not(self::input or self::textarea)]
20240724 221541 .//*[contains(text(), "めい") and not(self::input or self::textarea)]
20240724 221551 .//*[contains(text(), "セイ") and not(self::input or self::textarea)]
20240724 221601 .//*[contains(text(), "メイ") and not(self::input or self::textarea)]
20240724 221611 .//*[contains(text(), "都道府県") and not(self::input or self::textarea)]
20240724 221621 .//*[contains(text(), "住所") and not(self::input or self::textarea)]
20240724 221631 .//*[contains(text(), "件名") and not(self::input or self::textarea)]
20240724 221641 .//*[contains(text(), "ホームページURL") and not(self::input or self::textarea)]
20240724 221651 .//*[contains(text(), "担当者") and not(self::input or self::textarea)]
20240724 221701 .//*[contains(text(), "お名前") and not(self::input or self::textarea)]
20240724 221711 .//*[contains(text(), "名前") and not(self::input or self::textarea)]
20240724 221721 .//*[contains(text(), "性") and not(self::input or self::textarea)]
20240724 221731 .//*[contains(text(), "名") and not(self::input or self::textarea)]
20240724 221741 .//*[contains(text(), "電話番号") and not(self::input or self::textarea)]
20240724 221751 .//*[contains(text(), "携帯番号") and not(self::input or self::textarea)]
20240724 221801 .//*[contains(text(), "年齢") and not(self::input or self::textarea)]
20240724 221811 .//*[contains(text(), "郵便番号") and not(self::input or self::textarea)]
20240724 221821 .//*[contains(text(), "〒") and not(self::input or self::textarea)]
20240724 221911 bundle exec rails update_contact_status:update  contact_tracking_id=269537 update_mode=2
20240724 221916 https://friendpark.co.jp/contact_p.php 送信失敗（001）
20240724 221917 269538 株式会社フレアー https://www.flair-staff.co.jp/contact/ 送信開始
20240724 221920 .//*[contains(text(), "問い合わせ") and not(self::input or self::textarea)]
20240724 221920 お問い合わせ・ご連絡事項
20240724 221920 following::input[not(@type="hidden")][1] | following::textarea[not(@type="hidden")][1]
20240724 221920 <textarea name="contents" id="text" cols="" rows="10"></textarea>
20240724 221920 .//*[contains(text(), "会社名") and not(self::input or self::textarea)]
20240724 221930 .//*[contains(text(), "企業") and not(self::input or self::textarea)]
20240724 221930 <span class="require">必須</span>企業・団体名
20240724 221930 following::input[not(@type="hidden")][1] | following::textarea[not(@type="hidden")][1]
20240724 221930 <input type="text" name="company" id="name" size="0" value="" placeholder="例）株式会社フレアー">
20240724 221930 .//*[contains(text(), "メールアドレス") and not(self::input or self::textarea)]
20240724 221930 <span class="require">必須</span>メールアドレス(半角)
20240724 221930 following::input[not(@type="hidden")][1] | following::textarea[not(@type="hidden")][1]
20240724 221931 <input type="text" name="email" id="mail" size="0" value="" placeholder="例）sample@flair-staff.co.jp">
20240724 221931 .//*[contains(text(), "ふりがな") and not(self::input or self::textarea)]
20240724 221931 <span class="require">必須</span>ふりがな
20240724 221931 following::input[not(@type="hidden")][1] | following::textarea[not(@type="hidden")][1]
20240724 221931 <input type="text" name="kana" id="myname-sub" size="0" value="" placeholder="例）しずおか　たろう">
20240724 221931 .//*[contains(text(), "都道府県") and not(self::input or self::textarea)]
20240724 221941 .//*[contains(text(), "住所") and not(self::input or self::textarea)]
20240724 221941 ご住所
20240724 221941 following::input[not(@type="hidden")][1] | following::textarea[not(@type="hidden")][1]
20240724 221941 <input type="text" name="address" id="address" size="0" value="" placeholder="例）静岡県静岡市葵区西草深町10-1　◯◯ビル2F">
20240724 221941 .//*[contains(text(), "件名") and not(self::input or self::textarea)]
20240724 221951 .//*[contains(text(), "ホームページURL") and not(self::input or self::textarea)]
20240724 222001 .//*[contains(text(), "担当者") and not(self::input or self::textarea)]
20240724 222001 <span class="require">必須</span>ご担当者様
20240724 222001 following::input[not(@type="hidden")][1] | following::textarea[not(@type="hidden")][1]
20240724 222001 <input type="text" name="name" id="name" size="0" value="" placeholder="例）静岡　太郎">
20240724 222001 .//*[contains(text(), "電話番号") and not(self::input or self::textarea)]
20240724 222001 <span class="require">必須</span>電話番号
20240724 222001 following::input[not(@type="hidden")][1] | following::textarea[not(@type="hidden")][1]
20240724 222001 <input type="text" name="tel" id="tel" size="0" value="" placeholder="例）054-625-8433">
20240724 222001 .//*[contains(text(), "年齢") and not(self::input or self::textarea)]
20240724 222011 .//*[contains(text(), "郵便番号") and not(self::input or self::textarea)]
20240724 222011 郵便番号
20240724 222011 following::input[not(@type="hidden")][1] | following::textarea[not(@type="hidden")][1]
20240724 222011 .//*[contains(text(), "〒") and not(self::input or self::textarea)]
20240724 222011 〒
20240724 222011 following::input[not(@type="hidden")][1] | following::textarea[not(@type="hidden")][1]
20240724 222041 <form name="form1" method="post" action="./">
                            <input type="hidden" name="a" value="2">
                            <div class="contact__table">
                                <table>
                                    <tbody>
                                        <tr>
                                            <th><span class="require">必須</span>ご相談内容<br><span style="color: black;font-size: 14px;margin-left:56px;">※複数選択可</span>
                                            </th>
                                            <td>
                                                <span class="flex-blk"><input type="checkbox" name="inquiry[]" value="労働者派遣について" checked="">労働者派遣について</span>
                                                <span class="flex-blk"><input type="checkbox" name="inquiry[]" value="外国人材の派遣・紹介について" checked="">外国人材の派遣・紹介について</span>
                                                <span class="flex-blk"><input type="checkbox" name="inquiry[]" value="特定技能について" checked="">特定技能について</span>
                                                <span class="flex-blk"><input type="checkbox" name="inquiry[]" value="紹介予定派遣について" checked="">紹介予定派遣について</span>
                                                <span class="flex-blk"><input type="checkbox" name="inquiry[]" value="請負・委託・代行について" checked="">請負・委託・代行について</span>
                                                <span class="flex-blk"><input type="checkbox" name="inquiry[]" value="有料職業紹介について" checked="">有料職業紹介について</span>
                                                <span class="flex-blk"><input type="checkbox" name="inquiry[]" value="その他" checked="">その他</span>
                                            </td>
                                        </tr>

                                        <tr>
                                            <th><span class="require">必須</span>企業・団体名</th>
                                            <td><input type="text" name="company" id="name" size="0" value="アポ匠" placeholder="例）株式会社フレアー"></td>
                                        </tr>

                                        <tr>
                                            <th><span class="require">必須</span>ご担当者様</th>
                                            <td><input type="text" name="name" id="name" size="0" value="山上　陸" placeholder="例）静岡　太郎"></td>
                                        </tr>
                                        <tr>
                                            <th><span class="require">必須</span>ふりがな</th>
                                            <td><input type="text" name="kana" id="myname-sub" size="0" value="ヤマガミ　リク" placeholder="例）しずおか　たろう">
                                            </td>
                                        </tr>
                                        <tr>
                                            <th class="free">郵便番号</th>
                                            <td>
                                                <span class="mw-form">
                                                     <span class="zip">〒</span><input type="text" name="zip" onkeyup="AjaxZip3.zip2addr('zip', '', 'address', 'address');" placeholder="例）425-0086" value="　">
                                                    <span class="zip__span">※郵便番号を入力すると、自動でご住所を変更します。<br>ご住所より先に入力してください。</span>
                                                </span>
                                            </td>
                                        </tr>
                                        <tr>
                                            <th class="free">ご住所</th>
                                            <td>
                                                <input type="text" name="address" id="address" size="0" value="東京都中央区銀座1-22-11 2F" placeholder="例）静岡県静岡市葵区西草深町10-1　◯◯ビル2F">
                                            </td>
                                        </tr>
                                        <tr>
                                            <th><span class="require">必須</span>電話番号</th>
                                            <td>
                                                <input type="text" name="tel" id="tel" size="0" value="050-5480-1131" placeholder="例）054-625-8433">
                                            </td>
                                        </tr>
                                        <tr>
                                            <th><span class="require">必須</span>メールアドレス(半角)</th>
                                            <td>
                                                <input type="text" name="email" id="mail" size="0" value="mail@ri-plus.jp" placeholder="例）sample@flair-staff.co.jp">
                                            </td>
                                        </tr>
                                        <tr>
                                            <th><span class="require">必須</span>メールアドレス(半角)確認用</th>
                                            <td>
                                                <input type="text" name="email2" id="mail-vert" size="0" value="mail@ri-plus.jp" placeholder="例）sample@flair-staff.co.jp">
                                            </td>
                                        </tr>
                                        <tr>
                                            <th class="free">お問い合わせ・ご連絡事項</th>
                                            <td>
                                                <textarea name="contents" id="text" cols="" rows="10">突然のご連絡失礼致します。
私、アポ匠の山上と申します。
当社はテレアポ代行を生業としている企業となり、人材派遣・人材紹介・外国人人材紹介に専門性を持ち、事業運営をさせていただいております。

特徴として、様々な求人サイトより直近１週間以内のアクティブな新着求人に対してどこよりも早く架電することが出来るため、有力なアポイントメント獲得をお手伝いすることができます。

現在当社では、以下のキャンペーンを実施しており、新規企業開拓をお考えであれば是非ともお手伝いさせて頂きたく存じます。

◼︎導入費用0円
◼︎トークスクリプト費用0円
◼︎アポイント25件からのトライアル契約

ご利用頂ける企業様には限りが御座います。メール返信限定でのキャンペーンとなっておりますので、ご検討頂ける場合『トライアル希望』の旨をお返事頂ければと存じます。

この度は貴重なお時間ありがとうございました。</textarea>
                                            </td>
                                        </tr>
                                    </tbody>
                                </table>

                                <div class="agree">
                                    <label for="agree-1" class="agree-1" style="width: auto;">
                                        <input type="checkbox" name="agree" value="1" id="agree" checked="">
                                        <span class="privacy"><a href="../privacy.html" class="line">プライバシーポリシー</a>を確認の上、同意する。</span>
                                    </label>
                                </div>

                                <div class="confirm" style="margin: 30px 0 80px 0;">
                                    <input type="submit" name="submitConfirm" value="確認画面へ進む" id="next-btn" class="btn-send">
                                </div>
                            </div>
                            </form>
20240724 222044 bundle exec rails update_contact_status:update  contact_tracking_id=269538 update_mode=2
20240724 222048 https://www.flair-staff.co.jp/contact/ 送信失敗（004）
20240724 222049 269539 ティー・エム・エス株式会社ティー・エム・エス株式会社 https://www.tms-web.co.jp/contact.php 送信開始
20240724 222051 郵便番号 郵便番号
20240724 222051 .//*[contains(text(), "問い合わせ") and not(self::input or self::textarea)]
20240724 222051 お問い合わせ内容 <span class="require_c conf_hide">*</span>
20240724 222051 following::input[not(@type="hidden")][1] | following::textarea[not(@type="hidden")][1]
20240724 222051 <textarea name="detail" class="form-control validate required" rows="5"></textarea>
20240724 222052 .//*[contains(text(), "会社名") and not(self::input or self::textarea)]
20240724 222102 .//*[contains(text(), "企業") and not(self::input or self::textarea)]
20240724 222112 .//*[contains(text(), "団体") and not(self::input or self::textarea)]
20240724 222122 .//*[contains(text(), "メールアドレス") and not(self::input or self::textarea)]
20240724 222122 メールアドレス <span class="require_c conf_hide">*</span>
20240724 222122 following::input[not(@type="hidden")][1] | following::textarea[not(@type="hidden")][1]
20240724 222122 <input type="email" name="mail" class="form-control validate required mail" placeholder="例）sample@sample.jp">
20240724 222122 .//*[contains(text(), "ふりがな") and not(self::input or self::textarea)]
20240724 222132 .//*[contains(text(), "フリガナ") and not(self::input or self::textarea)]
20240724 222142 .//*[contains(text(), "かな") and not(self::input or self::textarea)]
20240724 222152 .//*[contains(text(), "カナ") and not(self::input or self::textarea)]
20240724 222202 .//*[contains(text(), "せい") and not(self::input or self::textarea)]
20240724 222212 .//*[contains(text(), "めい") and not(self::input or self::textarea)]
20240724 222222 .//*[contains(text(), "セイ") and not(self::input or self::textarea)]
20240724 222232 .//*[contains(text(), "メイ") and not(self::input or self::textarea)]
20240724 222242 .//*[contains(text(), "都道府県") and not(self::input or self::textarea)]
20240724 222242 都道府県
20240724 222242 following::input[not(@type="hidden")][1] | following::textarea[not(@type="hidden")][1]
20240724 222242 <input type="text" name="addr" class="form-control validate " placeholder="市区町村以下">
20240724 222242 .//*[contains(text(), "件名") and not(self::input or self::textarea)]
20240724 222252 .//*[contains(text(), "ホームページURL") and not(self::input or self::textarea)]
20240724 222302 .//*[contains(text(), "担当者") and not(self::input or self::textarea)]
20240724 222302 ご担当者様 
20240724 222302 following::input[not(@type="hidden")][1] | following::textarea[not(@type="hidden")][1]
20240724 222302 <input type="text" name="name_kana" class="form-control validate " placeholder="例）タカサキ　タロウ">
20240724 222303 .//*[contains(text(), "電話番号") and not(self::input or self::textarea)]
20240724 222303 電話番号 
20240724 222303 following::input[not(@type="hidden")][1] | following::textarea[not(@type="hidden")][1]
20240724 222303 <input type="tel" name="tel" class="form-control validate  phone" placeholder="例）000-1111-2222">
20240724 222303 .//*[contains(text(), "年齢") and not(self::input or self::textarea)]
20240724 222313 .//*[contains(text(), "郵便番号") and not(self::input or self::textarea)]
20240724 222323 .//*[contains(text(), "〒") and not(self::input or self::textarea)]
20240724 222346 bundle exec rails update_contact_status:update  contact_tracking_id=269539 update_mode=2
20240724 222352 https://www.tms-web.co.jp/contact.php 送信失敗（001）
