20240612 191623 https://www.amenity-ss.co.jp/form/index.php 送信開始
20240612 191933 https://www.amenity-ss.co.jp/form/index.php 送信成功
20240612 191934 https://www.nacoo.com/contact/ 送信開始
20240612 192220 https://www.nacoo.com/contact/ 送信失敗（001）
20240612 192222 https://www.materialpr.jp/contact/ 送信開始
20240612 192555 https://www.materialpr.jp/contact/ 送信成功
20240612 192557 http://www.seigi-mold.co.jp/contact 送信開始
20240612 192907 http://www.seigi-mold.co.jp/contact 送信失敗（001）
20240612 193142 https://www.amenity-ss.co.jp/form/index.php 送信開始
20240612 193452 https://www.amenity-ss.co.jp/form/index.php 送信成功
20240612 193454 https://www.nacoo.com/contact/ 送信開始
20240612 193739 https://www.nacoo.com/contact/ 送信失敗（001）
20240612 193741 https://www.materialpr.jp/contact/ 送信開始
20240612 194112 https://www.materialpr.jp/contact/ 送信成功
20240612 194113 http://www.seigi-mold.co.jp/contact 送信開始
20240612 194424 http://www.seigi-mold.co.jp/contact 送信失敗（001）
20240612 194425 http://www.well-b.info/contact.html 送信開始
20240612 194823 http://www.well-b.info/contact.html 送信成功
20240612 194825 https://techno-staff.co.jp/contact/ 送信開始
20240612 195227 https://techno-staff.co.jp/contact/ 送信成功
20240612 195232 https://www.ttop-inc.co.jp/company/ 送信開始
20240612 195247 https://www.ttop-inc.co.jp/company/ 送信失敗（001）
20240612 195249 https://www.hagax.com/inquiry/ 送信開始
20240612 195541 https://www.hagax.com/inquiry/ 送信成功
20240612 195542 https://www.lrm.co.jp/contact/ 送信開始
20240612 195745 https://www.lrm.co.jp/contact/ 送信成功
20240612 195746 https://www.k-nst.co.jp/contactus 送信開始
20240612 195939 https://www.k-nst.co.jp/contactus 送信失敗（001）
20240613 094954 https://www.facebook.com/verisite/?locale=ja_JP 送信開始
20240613 095002 https://www.facebook.com/verisite/?locale=ja_JP 送信失敗（001）
20240613 095003 http://y-cuore-inc.com/contact/#:~:text=%E2%80%BB%E5%BD%93%E7%A4%BE%E3%81%AE%E4%BB%A3%E8%A1%A8%E7%95%AA%E5%8F%B7,%E3%81%94%E5%AF%BE%E5%BF%9C%E3%81%8A%E9%A1%98%E3%81%84%E3%81%84%E3%81%9F%E3%81%97%E3%81%BE%E3%81%99%E3%80%82&text=%E5%BD%93%E3%82%B5%E3%82%A4%E3%83%88%E3%81%AE%E9%81%8B%E5%96%B6%E3%81%AB%E9%9A%9B%E3%81%97,%E3%81%AB%E5%8A%AA%E3%82%81%E3%81%A6%E3%81%8A%E3%82%8A%E3%81%BE%E3%81%99%E3%80%82 送信開始
20240613 095137 http://y-cuore-inc.com/contact/#:~:text=%E2%80%BB%E5%BD%93%E7%A4%BE%E3%81%AE%E4%BB%A3%E8%A1%A8%E7%95%AA%E5%8F%B7,%E3%81%94%E5%AF%BE%E5%BF%9C%E3%81%8A%E9%A1%98%E3%81%84%E3%81%84%E3%81%9F%E3%81%97%E3%81%BE%E3%81%99%E3%80%82&text=%E5%BD%93%E3%82%B5%E3%82%A4%E3%83%88%E3%81%AE%E9%81%8B%E5%96%B6%E3%81%AB%E9%9A%9B%E3%81%97,%E3%81%AB%E5%8A%AA%E3%82%81%E3%81%A6%E3%81%8A%E3%82%8A%E3%81%BE%E3%81%99%E3%80%82 送信成功
20240613 095139 https://www.amenity-ss.co.jp/form/index.php 送信開始
20240613 095451 https://www.amenity-ss.co.jp/form/index.php 送信成功
20240613 095452 https://www.nacoo.com/contact/ 送信開始
20240613 095740 https://www.nacoo.com/contact/ 送信失敗（001）
20240613 095741 https://materialpr.jp/contact/ 送信開始
20240613 100112 https://materialpr.jp/contact/ 送信成功
20240613 100114 https://materialpr.jp/contact/ 送信開始
20240613 100444 https://materialpr.jp/contact/ 送信成功
20240613 100446 http://www.seigi-mold.co.jp/contact 送信開始
20240613 100756 http://www.seigi-mold.co.jp/contact 送信失敗（001）
20240613 100757 http://www.well-b.info/contact.html 送信開始
20240613 101154 http://www.well-b.info/contact.html 送信成功
20240613 105105  送信開始
20240613 105113  送信失敗（002）
20240613 105114 https://techno-staff.co.jp/contact/ 送信開始
20240613 105518 https://techno-staff.co.jp/contact/ 送信成功
20240613 105522 https://www.ttop-inc.co.jp/company/ 送信開始
20240613 105539 https://www.ttop-inc.co.jp/company/ 送信失敗（001）
20240613 105540 https://www.hagax.com/inquiry/ 送信開始
20240613 105834 https://www.hagax.com/inquiry/ 送信成功
20240613 105835 https://www.lrm.co.jp/contact/ 送信開始
20240613 110040 https://www.lrm.co.jp/contact/ 送信成功
20240613 110041 https://www.sun-agrifoods.com/contact/ 送信開始
20240613 110153 https://www.sun-agrifoods.com/contact/ 送信成功
20240613 110155 https://www.k-nst.co.jp/contactus 送信開始
20240613 110348 https://www.k-nst.co.jp/contactus 送信失敗（001）
20240613 110349 https://anfini-grp.co.jp/contact/ 送信開始
20240613 110812 https://anfini-grp.co.jp/contact/ 送信成功
20240613 110815  送信開始
20240613 110819  送信失敗（002）
20240613 110821 https://www.re-grant.com/infomation.html 送信開始
20240613 110836 https://www.re-grant.com/infomation.html 送信失敗（001）
20240613 110838 https://l-ism.com/contact.html 送信開始
20240613 111227 https://l-ism.com/contact.html 送信成功
20240613 111228 https://www.besthouse.co.jp/contact 送信開始
20240613 111430 https://www.besthouse.co.jp/contact 送信成功
20240613 111431 https://www.realtech.jp/inquiry 送信開始
20240613 111745 https://www.realtech.jp/inquiry 送信成功
20240613 111747 https://jp.medialinks.com/contact-media-links/ 送信開始
20240613 112243 https://jp.medialinks.com/contact-media-links/ 送信成功
20240613 112245 https://www.mydream.co.jp/contact/ 送信開始
20240613 112301 https://www.mydream.co.jp/contact/ 送信失敗（001）
20240613 112303 https://www.foodlink.co.jp/contact/ 送信開始
20240613 112318 https://www.foodlink.co.jp/contact/ 送信失敗（001）
20240613 112321 https://sankyo-housou.jp/contact/ 送信開始
20240613 112522 https://sankyo-housou.jp/contact/ 送信成功
20240613 112523 https://www.tst-japan.co.jp/inquiry/ 送信開始
20240613 112713 https://www.tst-japan.co.jp/inquiry/ 送信成功
20240613 112715 https://www.tst-japan.co.jp/inquiry/ 送信開始
20240613 112905 https://www.tst-japan.co.jp/inquiry/ 送信成功
20240613 112907 https://ss-mr.com/contact/ 送信開始
20240613 113048 https://ss-mr.com/contact/ 送信成功
20240613 113050 https://www.superdrive.io/ja/contact-us/ 送信開始
20240613 113111 https://www.superdrive.io/ja/contact-us/ 送信失敗（001）
20240613 113112 http://handbell-care.com/contact/ 送信開始
20240613 113359 http://handbell-care.com/contact/ 送信成功
20240613 154739 https://www.nomura-bokujo.com/contact 送信開始
20240613 154915 https://www.nomura-bokujo.com/contact 送信成功
20240613 194009 188439 株式会社野村牧場 https://www.nomura-bokujo.com/contact 送信開始
20240613 194143 https://www.nomura-bokujo.com/contact 送信成功
20240613 194314 188438 株式会社野村牧場 https://www.nomura-bokujo.com/contact 送信開始
20240613 194449 https://www.nomura-bokujo.com/contact 送信成功
20240613 194452 245618 株式会社ヴェリサイト https://www.facebook.com/verisite/?locale=ja_JP 送信開始
20240613 194458 https://www.facebook.com/verisite/?locale=ja_JP 送信失敗（001）
20240613 194459 245619 株式会社クオーレ http://y-cuore-inc.com/contact/#:~:text=%E2%80%BB%E5%BD%93%E7%A4%BE%E3%81%AE%E4%BB%A3%E8%A1%A8%E7%95%AA%E5%8F%B7,%E3%81%94%E5%AF%BE%E5%BF%9C%E3%81%8A%E9%A1%98%E3%81%84%E3%81%84%E3%81%9F%E3%81%97%E3%81%BE%E3%81%99%E3%80%82&text=%E5%BD%93%E3%82%B5%E3%82%A4%E3%83%88%E3%81%AE%E9%81%8B%E5%96%B6%E3%81%AB%E9%9A%9B%E3%81%97,%E3%81%AB%E5%8A%AA%E3%82%81%E3%81%A6%E3%81%8A%E3%82%8A%E3%81%BE%E3%81%99%E3%80%82 送信開始
20240613 194632 http://y-cuore-inc.com/contact/#:~:text=%E2%80%BB%E5%BD%93%E7%A4%BE%E3%81%AE%E4%BB%A3%E8%A1%A8%E7%95%AA%E5%8F%B7,%E3%81%94%E5%AF%BE%E5%BF%9C%E3%81%8A%E9%A1%98%E3%81%84%E3%81%84%E3%81%9F%E3%81%97%E3%81%BE%E3%81%99%E3%80%82&text=%E5%BD%93%E3%82%B5%E3%82%A4%E3%83%88%E3%81%AE%E9%81%8B%E5%96%B6%E3%81%AB%E9%9A%9B%E3%81%97,%E3%81%AB%E5%8A%AA%E3%82%81%E3%81%A6%E3%81%8A%E3%82%8A%E3%81%BE%E3%81%99%E3%80%82 送信成功
20240613 194634 245620 株式会社アメニティ https://www.amenity-ss.co.jp/form/index.php 送信開始
20240613 194943 https://www.amenity-ss.co.jp/form/index.php 送信成功
20240613 194945 245621 株式会社ナック https://www.nacoo.com/contact/ 送信開始
20240613 195231 https://www.nacoo.com/contact/ 送信失敗（001）
20240613 195232 245622 株式会社 マテリアル　　株式会社CONNECTEDMATERIAL https://materialpr.jp/contact/ 送信開始
20240613 195602 https://materialpr.jp/contact/ 送信成功
20240613 195604 245623 株式会社 マテリアル／Material Inc.　株式会社CONNECTED MATERIAL https://materialpr.jp/contact/ 送信開始
20240613 195934 https://materialpr.jp/contact/ 送信成功
20240613 195936 245624 株式会社 SEIGI http://www.seigi-mold.co.jp/contact 送信開始
20240613 200247 http://www.seigi-mold.co.jp/contact 送信失敗（001）
20240613 200248 245625 有限会社 ウェル・ビーイング http://www.well-b.info/contact.html 送信開始
20240613 200645 http://www.well-b.info/contact.html 送信成功
20240613 200645 245626 株式会社木下フレンド  送信開始
20240613 200649  送信失敗（002）
20240613 200651 245627 株式会社テクノ・スタッフ https://techno-staff.co.jp/contact/ 送信開始
20240613 201054 https://techno-staff.co.jp/contact/ 送信成功
20240613 201058 245628 株式会社T&CJAPAN https://www.ttop-inc.co.jp/company/ 送信開始
20240613 201114 https://www.ttop-inc.co.jp/company/ 送信失敗（001）
20240613 201116 245629 税理士法人ハガックス https://www.hagax.com/inquiry/ 送信開始
20240613 201413 https://www.hagax.com/inquiry/ 送信成功
20240613 201415 245630 LR小川会計グループ https://www.lrm.co.jp/contact/ 送信開始
20240613 201619 https://www.lrm.co.jp/contact/ 送信成功
20240613 201621 245631 株式会社サンアグリフーズ https://www.sun-agrifoods.com/contact/ 送信開始
20240613 201730 https://www.sun-agrifoods.com/contact/ 送信成功
20240613 201732 245632 株式会社NST https://www.k-nst.co.jp/contactus 送信開始
20240613 201926 https://www.k-nst.co.jp/contactus 送信失敗（001）
20240613 201927 245633 株式会社Anfini https://anfini-grp.co.jp/contact/ 送信開始
20240613 202349 https://anfini-grp.co.jp/contact/ 送信成功
20240613 202352 245634 株式会社アイ・セレクション  送信開始
20240613 202356  送信失敗（002）
20240613 202358 245635 株式会社リグラント https://www.re-grant.com/infomation.html 送信開始
20240613 202413 https://www.re-grant.com/infomation.html 送信失敗（001）
20240613 202415 245636 GardenL-ismガーデンリズム/株式会社LB住宅サービス https://l-ism.com/contact.html 送信開始
20240613 202803 https://l-ism.com/contact.html 送信成功
20240613 202804 245637 株式会社TNOベストハウス https://www.besthouse.co.jp/contact 送信開始
20240613 203006 https://www.besthouse.co.jp/contact 送信成功
20240613 203007 245638 リアルテックジャパン株式会社 https://www.realtech.jp/inquiry 送信開始
20240613 203321 https://www.realtech.jp/inquiry 送信成功
20240613 203322 245639 株式会社メディアリンクス https://jp.medialinks.com/contact-media-links/ 送信開始
20240613 203819 https://jp.medialinks.com/contact-media-links/ 送信成功
20240613 203820 245640 株式会社ドリーム https://www.mydream.co.jp/contact/ 送信開始
20240613 203835 https://www.mydream.co.jp/contact/ 送信失敗（001）
20240613 203836 245641 株式会社フードリンク https://www.foodlink.co.jp/contact/ 送信開始
20240613 203852 https://www.foodlink.co.jp/contact/ 送信失敗（001）
20240613 203854 245642 三共包装株式会社 https://sankyo-housou.jp/contact/ 送信開始
20240613 204053 https://sankyo-housou.jp/contact/ 送信成功
20240613 204054 245643 豊通スメルティングテクノロジー株式会社 https://www.tst-japan.co.jp/inquiry/ 送信開始
20240613 204244 https://www.tst-japan.co.jp/inquiry/ 送信成功
20240613 204245 245644 豊通スメルティングテクノロジー株式会社 https://www.tst-japan.co.jp/inquiry/ 送信開始
20240613 204437 https://www.tst-japan.co.jp/inquiry/ 送信成功
20240613 204439 245645 セブンシーズマーケティングリサーチ株式会社 https://ss-mr.com/contact/ 送信開始
20240613 204622 https://ss-mr.com/contact/ 送信成功
20240613 204623 245646 スーパードライブ株式会社 https://www.superdrive.io/ja/contact-us/ 送信開始
20240613 204642 https://www.superdrive.io/ja/contact-us/ 送信失敗（001）
20240613 204644 245647 株式会社ハンドベル・ケア http://handbell-care.com/contact/ 送信開始
20240613 204931 http://handbell-care.com/contact/ 送信成功
20240613 213159 188440 株式会社野村牧場  送信開始
20240613 213159  送信失敗（002）
20240613 213159 245660 株式会社ヴェリサイト  送信開始
20240613 213203  送信失敗（002）
20240613 213203 245661 株式会社クオーレ  送信開始
20240613 213203  送信失敗（002）
20240613 213203 245662 株式会社アメニティ  送信開始
20240613 213205  送信失敗（002）
20240613 213205 245663 株式会社ナック  送信開始
20240613 213205  送信失敗（002）
20240613 213205 245664 株式会社 マテリアル　　株式会社CONNECTEDMATERIAL  送信開始
20240613 213206  送信失敗（002）
20240613 213206 245665 株式会社 マテリアル／Material Inc.　株式会社CONNECTED MATERIAL  送信開始
20240613 213207  送信失敗（002）
20240613 213207 245666 株式会社 SEIGI  送信開始
20240613 213207  送信失敗（002）
20240613 213207 245667 有限会社 ウェル・ビーイング  送信開始
20240613 213207  送信失敗（002）
20240613 213207 245668 株式会社木下フレンド  送信開始
20240613 213207  送信失敗（002）
20240613 213207 245669 株式会社テクノ・スタッフ  送信開始
20240613 213208  送信失敗（002）
20240613 213208 245670 株式会社T&CJAPAN  送信開始
20240613 213208  送信失敗（002）
20240613 213208 245671 税理士法人ハガックス  送信開始
20240613 213208  送信失敗（002）
20240613 213208 245672 LR小川会計グループ  送信開始
20240613 213208  送信失敗（002）
20240613 213208 245673 株式会社サンアグリフーズ  送信開始
20240613 213209  送信失敗（002）
20240613 213209 245674 株式会社NST  送信開始
20240613 213209  送信失敗（002）
20240613 213209 245675 株式会社Anfini  送信開始
20240613 213209  送信失敗（002）
20240613 213209 245676 株式会社アイ・セレクション  送信開始
20240613 213209  送信失敗（002）
20240613 213209 245677 株式会社リグラント  送信開始
20240613 213209  送信失敗（002）
20240613 213209 245678 GardenL-ismガーデンリズム/株式会社LB住宅サービス  送信開始
20240613 213209  送信失敗（002）
20240613 213209 245679 株式会社TNOベストハウス  送信開始
20240613 213210  送信失敗（002）
20240613 213210 245680 リアルテックジャパン株式会社  送信開始
20240613 213210  送信失敗（002）
20240613 213210 245681 株式会社メディアリンクス  送信開始
20240613 213210  送信失敗（002）
20240613 213210 245682 株式会社ドリーム  送信開始
20240613 213210  送信失敗（002）
20240613 213210 245683 株式会社フードリンク  送信開始
20240613 213210  送信失敗（002）
20240613 213210 245684 三共包装株式会社  送信開始
20240613 213211  送信失敗（002）
20240613 213211 245685 豊通スメルティングテクノロジー株式会社  送信開始
20240613 213211  送信失敗（002）
20240613 213211 245686 豊通スメルティングテクノロジー株式会社  送信開始
20240613 213211  送信失敗（002）
20240613 213211 245687 セブンシーズマーケティングリサーチ株式会社  送信開始
20240613 213211  送信失敗（002）
20240613 213211 245688 スーパードライブ株式会社  送信開始
20240613 213211  送信失敗（002）
20240613 213211 245689 株式会社ハンドベル・ケア  送信開始
20240613 213211  送信失敗（002）
20240613 213257 188440 株式会社野村牧場 https://www.nomura-bokujo.com/contact 送信開始
20240613 213435 https://www.nomura-bokujo.com/contact 送信失敗（001）
20240613 213437 245660 株式会社ヴェリサイト https://www.facebook.com/verisite/?locale=ja_JP 送信開始
20240613 213442 https://www.facebook.com/verisite/?locale=ja_JP 送信失敗（001）
20240613 213443 245661 株式会社クオーレ http://y-cuore-inc.com/contact/#:~:text=%E2%80%BB%E5%BD%93%E7%A4%BE%E3%81%AE%E4%BB%A3%E8%A1%A8%E7%95%AA%E5%8F%B7,%E3%81%94%E5%AF%BE%E5%BF%9C%E3%81%8A%E9%A1%98%E3%81%84%E3%81%84%E3%81%9F%E3%81%97%E3%81%BE%E3%81%99%E3%80%82&text=%E5%BD%93%E3%82%B5%E3%82%A4%E3%83%88%E3%81%AE%E9%81%8B%E5%96%B6%E3%81%AB%E9%9A%9B%E3%81%97,%E3%81%AB%E5%8A%AA%E3%82%81%E3%81%A6%E3%81%8A%E3%82%8A%E3%81%BE%E3%81%99%E3%80%82 送信開始
20240613 213619 http://y-cuore-inc.com/contact/#:~:text=%E2%80%BB%E5%BD%93%E7%A4%BE%E3%81%AE%E4%BB%A3%E8%A1%A8%E7%95%AA%E5%8F%B7,%E3%81%94%E5%AF%BE%E5%BF%9C%E3%81%8A%E9%A1%98%E3%81%84%E3%81%84%E3%81%9F%E3%81%97%E3%81%BE%E3%81%99%E3%80%82&text=%E5%BD%93%E3%82%B5%E3%82%A4%E3%83%88%E3%81%AE%E9%81%8B%E5%96%B6%E3%81%AB%E9%9A%9B%E3%81%97,%E3%81%AB%E5%8A%AA%E3%82%81%E3%81%A6%E3%81%8A%E3%82%8A%E3%81%BE%E3%81%99%E3%80%82 送信成功
20240613 213622 245662 株式会社アメニティ https://www.amenity-ss.co.jp/form/index.php 送信開始
20240613 213930 https://www.amenity-ss.co.jp/form/index.php 送信失敗（001）
20240613 213931 245663 株式会社ナック https://www.nacoo.com/contact/ 送信開始
20240613 214218 https://www.nacoo.com/contact/ 送信失敗（001）
20240613 214219 245664 株式会社 マテリアル　　株式会社CONNECTEDMATERIAL https://materialpr.jp/contact/ 送信開始
20240613 214550 https://materialpr.jp/contact/ 送信失敗（001）
20240613 214551 245665 株式会社 マテリアル／Material Inc.　株式会社CONNECTED MATERIAL https://materialpr.jp/contact/ 送信開始
20240613 214921 https://materialpr.jp/contact/ 送信失敗（001）
20240613 214923 245666 株式会社 SEIGI http://www.seigi-mold.co.jp/contact 送信開始
20240613 215233 http://www.seigi-mold.co.jp/contact 送信失敗（001）
20240613 215234 245667 有限会社 ウェル・ビーイング http://www.well-b.info/contact.html 送信開始
20240613 215633 http://www.well-b.info/contact.html 送信失敗（001）
20240613 215633 245668 株式会社木下フレンド  送信開始
20240613 215637  送信失敗（002）
20240613 215638 245669 株式会社テクノ・スタッフ https://techno-staff.co.jp/contact/ 送信開始
20240613 220042 https://techno-staff.co.jp/contact/ 送信成功
20240613 220046 245670 株式会社T&CJAPAN https://www.ttop-inc.co.jp/company/ 送信開始
20240613 220105 https://www.ttop-inc.co.jp/company/ 送信失敗（001）
20240613 220106 245671 税理士法人ハガックス https://www.hagax.com/inquiry/ 送信開始
20240613 220359 https://www.hagax.com/inquiry/ 送信失敗（001）
20240613 220401 245672 LR小川会計グループ https://www.lrm.co.jp/contact/ 送信開始
20240613 220605 https://www.lrm.co.jp/contact/ 送信成功
20240613 220606 245673 株式会社サンアグリフーズ https://www.sun-agrifoods.com/contact/ 送信開始
20240613 220716 https://www.sun-agrifoods.com/contact/ 送信成功
20240613 220717 245674 株式会社NST https://www.k-nst.co.jp/contactus 送信開始
20240613 220913 https://www.k-nst.co.jp/contactus 送信失敗（001）
20240613 220914 245675 株式会社Anfini https://anfini-grp.co.jp/contact/ 送信開始
20240613 221338 https://anfini-grp.co.jp/contact/ 送信失敗（001）
20240613 221341 245676 株式会社アイ・セレクション  送信開始
20240613 221345  送信失敗（002）
20240613 221347 245677 株式会社リグラント https://www.re-grant.com/infomation.html 送信開始
20240613 221403 https://www.re-grant.com/infomation.html 送信失敗（001）
20240613 221404 245678 GardenL-ismガーデンリズム/株式会社LB住宅サービス https://l-ism.com/contact.html 送信開始
20240613 221755 https://l-ism.com/contact.html 送信失敗（001）
20240613 221757 245679 株式会社TNOベストハウス https://www.besthouse.co.jp/contact 送信開始
20240613 222001 https://www.besthouse.co.jp/contact 送信失敗（001）
20240613 222003 245680 リアルテックジャパン株式会社 https://www.realtech.jp/inquiry 送信開始
20240613 222317 https://www.realtech.jp/inquiry 送信成功
20240613 222318 245681 株式会社メディアリンクス https://jp.medialinks.com/contact-media-links/ 送信開始
20240613 222816 https://jp.medialinks.com/contact-media-links/ 送信失敗（001）
20240613 222817 245682 株式会社ドリーム https://www.mydream.co.jp/contact/ 送信開始
20240613 222834 https://www.mydream.co.jp/contact/ 送信失敗（001）
20240613 222835 245683 株式会社フードリンク https://www.foodlink.co.jp/contact/ 送信開始
20240613 222851 https://www.foodlink.co.jp/contact/ 送信失敗（001）
20240613 222853 245684 三共包装株式会社 https://sankyo-housou.jp/contact/ 送信開始
20240613 223056 https://sankyo-housou.jp/contact/ 送信失敗（001）
20240613 223058 245685 豊通スメルティングテクノロジー株式会社 https://www.tst-japan.co.jp/inquiry/ 送信開始
20240613 223248 https://www.tst-japan.co.jp/inquiry/ 送信成功
20240613 223249 245686 豊通スメルティングテクノロジー株式会社 https://www.tst-japan.co.jp/inquiry/ 送信開始
20240613 223441 https://www.tst-japan.co.jp/inquiry/ 送信成功
20240613 223443 245687 セブンシーズマーケティングリサーチ株式会社 https://ss-mr.com/contact/ 送信開始
20240613 223626 https://ss-mr.com/contact/ 送信成功
20240613 223627 245688 スーパードライブ株式会社 https://www.superdrive.io/ja/contact-us/ 送信開始
20240613 223644 https://www.superdrive.io/ja/contact-us/ 送信失敗（001）
20240613 223645 245689 株式会社ハンドベル・ケア http://handbell-care.com/contact/ 送信開始
20240613 223933 http://handbell-care.com/contact/ 送信失敗（001）
20240614 134759 245661 株式会社クオーレ http://y-cuore-inc.com/contact/#:~:text=%E2%80%BB%E5%BD%93%E7%A4%BE%E3%81%AE%E4%BB%A3%E8%A1%A8%E7%95%AA%E5%8F%B7,%E3%81%94%E5%AF%BE%E5%BF%9C%E3%81%8A%E9%A1%98%E3%81%84%E3%81%84%E3%81%9F%E3%81%97%E3%81%BE%E3%81%99%E3%80%82&text=%E5%BD%93%E3%82%B5%E3%82%A4%E3%83%88%E3%81%AE%E9%81%8B%E5%96%B6%E3%81%AB%E9%9A%9B%E3%81%97,%E3%81%AB%E5%8A%AA%E3%82%81%E3%81%A6%E3%81%8A%E3%82%8A%E3%81%BE%E3%81%99%E3%80%82 送信開始
20240614 182531 246551 株式会社ヴェリサイト https://www.facebook.com/verisite/?locale=ja_JP 送信開始
20240614 183141 246551 株式会社ヴェリサイト  送信開始
20240614 183142  送信失敗（002）
20240614 183144 246552 株式会社クオーレ http://y-cuore-inc.com/contact/#:~:text=%E2%80%BB%E5%BD%93%E7%A4%BE%E3%81%AE%E4%BB%A3%E8%A1%A8%E7%95%AA%E5%8F%B7,%E3%81%94%E5%AF%BE%E5%BF%9C%E3%81%8A%E9%A1%98%E3%81%84%E3%81%84%E3%81%9F%E3%81%97%E3%81%BE%E3%81%99%E3%80%82&text=%E5%BD%93%E3%82%B5%E3%82%A4%E3%83%88%E3%81%AE%E9%81%8B%E5%96%B6%E3%81%AB%E9%9A%9B%E3%81%97,%E3%81%AB%E5%8A%AA%E3%82%81%E3%81%A6%E3%81%8A%E3%82%8A%E3%81%BE%E3%81%99%E3%80%82 送信開始
20240614 183154 http://y-cuore-inc.com/contact/#:~:text=%E2%80%BB%E5%BD%93%E7%A4%BE%E3%81%AE%E4%BB%A3%E8%A1%A8%E7%95%AA%E5%8F%B7,%E3%81%94%E5%AF%BE%E5%BF%9C%E3%81%8A%E9%A1%98%E3%81%84%E3%81%84%E3%81%9F%E3%81%97%E3%81%BE%E3%81%99%E3%80%82&text=%E5%BD%93%E3%82%B5%E3%82%A4%E3%83%88%E3%81%AE%E9%81%8B%E5%96%B6%E3%81%AB%E9%9A%9B%E3%81%97,%E3%81%AB%E5%8A%AA%E3%82%81%E3%81%A6%E3%81%8A%E3%82%8A%E3%81%BE%E3%81%99%E3%80%82 送信失敗（001）
20240614 183218 246551 株式会社ヴェリサイト  送信開始
20240614 183225  送信失敗（002）
20240614 183227 246552 株式会社クオーレ http://y-cuore-inc.com/contact/#:~:text=%E2%80%BB%E5%BD%93%E7%A4%BE%E3%81%AE%E4%BB%A3%E8%A1%A8%E7%95%AA%E5%8F%B7,%E3%81%94%E5%AF%BE%E5%BF%9C%E3%81%8A%E9%A1%98%E3%81%84%E3%81%84%E3%81%9F%E3%81%97%E3%81%BE%E3%81%99%E3%80%82&text=%E5%BD%93%E3%82%B5%E3%82%A4%E3%83%88%E3%81%AE%E9%81%8B%E5%96%B6%E3%81%AB%E9%9A%9B%E3%81%97,%E3%81%AB%E5%8A%AA%E3%82%81%E3%81%A6%E3%81%8A%E3%82%8A%E3%81%BE%E3%81%99%E3%80%82 送信開始
20240614 183409 http://y-cuore-inc.com/contact/#:~:text=%E2%80%BB%E5%BD%93%E7%A4%BE%E3%81%AE%E4%BB%A3%E8%A1%A8%E7%95%AA%E5%8F%B7,%E3%81%94%E5%AF%BE%E5%BF%9C%E3%81%8A%E9%A1%98%E3%81%84%E3%81%84%E3%81%9F%E3%81%97%E3%81%BE%E3%81%99%E3%80%82&text=%E5%BD%93%E3%82%B5%E3%82%A4%E3%83%88%E3%81%AE%E9%81%8B%E5%96%B6%E3%81%AB%E9%9A%9B%E3%81%97,%E3%81%AB%E5%8A%AA%E3%82%81%E3%81%A6%E3%81%8A%E3%82%8A%E3%81%BE%E3%81%99%E3%80%82 送信成功
20240614 185234 246880 株式会社ヴェリサイト  送信開始
20240614 185234  送信失敗（002）
20240614 185235 246881 株式会社クオーレ http://y-cuore-inc.com/contact/#:~:text=%E2%80%BB%E5%BD%93%E7%A4%BE%E3%81%AE%E4%BB%A3%E8%A1%A8%E7%95%AA%E5%8F%B7,%E3%81%94%E5%AF%BE%E5%BF%9C%E3%81%8A%E9%A1%98%E3%81%84%E3%81%84%E3%81%9F%E3%81%97%E3%81%BE%E3%81%99%E3%80%82&text=%E5%BD%93%E3%82%B5%E3%82%A4%E3%83%88%E3%81%AE%E9%81%8B%E5%96%B6%E3%81%AB%E9%9A%9B%E3%81%97,%E3%81%AB%E5%8A%AA%E3%82%81%E3%81%A6%E3%81%8A%E3%82%8A%E3%81%BE%E3%81%99%E3%80%82 送信開始
20240614 185235 http://y-cuore-inc.com/contact/#:~:text=%E2%80%BB%E5%BD%93%E7%A4%BE%E3%81%AE%E4%BB%A3%E8%A1%A8%E7%95%AA%E5%8F%B7,%E3%81%94%E5%AF%BE%E5%BF%9C%E3%81%8A%E9%A1%98%E3%81%84%E3%81%84%E3%81%9F%E3%81%97%E3%81%BE%E3%81%99%E3%80%82&text=%E5%BD%93%E3%82%B5%E3%82%A4%E3%83%88%E3%81%AE%E9%81%8B%E5%96%B6%E3%81%AB%E9%9A%9B%E3%81%97,%E3%81%AB%E5%8A%AA%E3%82%81%E3%81%A6%E3%81%8A%E3%82%8A%E3%81%BE%E3%81%99%E3%80%82 送信成功
20240614 185237 246882 株式会社アメニティ https://www.amenity-ss.co.jp/form/index.php 送信開始
20240614 185238 https://www.amenity-ss.co.jp/form/index.php 送信成功
20240614 185239 246883 株式会社ナック https://www.nacoo.com/contact/ 送信開始
20240614 185240 https://www.nacoo.com/contact/ 送信成功
20240614 185242 246884 株式会社 マテリアル　　株式会社CONNECTEDMATERIAL https://materialpr.jp/contact/ 送信開始
20240614 185243 https://materialpr.jp/contact/ 送信成功
20240614 185244 246885 株式会社 マテリアル／Material Inc.　株式会社CONNECTED MATERIAL https://materialpr.jp/contact/ 送信開始
20240614 185244 https://materialpr.jp/contact/ 送信成功
20240614 185246 246886 株式会社 SEIGI https://www.sangi-co.com/contact/index.html 送信開始
20240614 185254 https://www.sangi-co.com/contact/index.html 送信失敗（001）
20240614 185254 246887 有限会社 ウェル・ビーイング  送信開始
20240614 185254  送信失敗（002）
20240614 185254 246888 株式会社木下フレンド  送信開始
20240614 185254  送信失敗（002）
20240614 185254 246889 株式会社テクノ・スタッフ  送信開始
20240614 185254  送信失敗（002）
20240614 185254 246890 株式会社T&CJAPAN  送信開始
20240614 185254  送信失敗（002）
20240614 185254 246891 税理士法人ハガックス  送信開始
20240614 185254  送信失敗（002）
20240614 185254 246892 LR小川会計グループ  送信開始
20240614 185254  送信失敗（002）
20240614 185254 246893 株式会社サンアグリフーズ  送信開始
20240614 185254  送信失敗（002）
20240614 185254 246894 株式会社NST  送信開始
20240614 185254  送信失敗（002）
20240614 185254 246895 株式会社Anfini  送信開始
20240614 185254  送信失敗（002）
20240614 185254 246896 株式会社アイ・セレクション  送信開始
20240614 185254  送信失敗（002）
20240614 185254 246897 株式会社リグラント  送信開始
20240614 185254  送信失敗（002）
20240614 185254 246898 GardenL-ismガーデンリズム/株式会社LB住宅サービス  送信開始
20240614 185254  送信失敗（002）
20240614 185254 246899 株式会社TNOベストハウス  送信開始
20240614 185254  送信失敗（002）
20240614 185254 246900 リアルテックジャパン株式会社  送信開始
20240614 185254  送信失敗（002）
20240614 185254 246901 株式会社メディアリンクス  送信開始
20240614 185254  送信失敗（002）
20240614 185254 246902 株式会社ドリーム  送信開始
20240614 185254  送信失敗（002）
20240614 185254 246903 株式会社フードリンク  送信開始
20240614 185254  送信失敗（002）
20240614 185254 246904 三共包装株式会社  送信開始
20240614 185254  送信失敗（002）
20240614 185254 246905 豊通スメルティングテクノロジー株式会社  送信開始
20240614 185254  送信失敗（002）
20240614 185254 246906 豊通スメルティングテクノロジー株式会社  送信開始
20240614 185254  送信失敗（002）
20240614 185254 246907 セブンシーズマーケティングリサーチ株式会社  送信開始
20240614 185254  送信失敗（002）
20240614 185254 246908 スーパードライブ株式会社  送信開始
20240614 185254  送信失敗（002）
20240614 185254 246909 株式会社ハンドベル・ケア  送信開始
20240614 185254  送信失敗（002）
20240614 185254 246598 株式会社エイドオール  送信開始
20240614 185254  送信失敗（002）
20240614 185254 246599 株式会社ＩＫＯＵ  送信開始
20240614 185254  送信失敗（002）
20240614 185334 246880 株式会社ヴェリサイト  送信開始
20240614 185334  送信失敗（002）
20240614 185336 246881 株式会社クオーレ http://y-cuore-inc.com/contact/#:~:text=%E2%80%BB%E5%BD%93%E7%A4%BE%E3%81%AE%E4%BB%A3%E8%A1%A8%E7%95%AA%E5%8F%B7,%E3%81%94%E5%AF%BE%E5%BF%9C%E3%81%8A%E9%A1%98%E3%81%84%E3%81%84%E3%81%9F%E3%81%97%E3%81%BE%E3%81%99%E3%80%82&text=%E5%BD%93%E3%82%B5%E3%82%A4%E3%83%88%E3%81%AE%E9%81%8B%E5%96%B6%E3%81%AB%E9%9A%9B%E3%81%97,%E3%81%AB%E5%8A%AA%E3%82%81%E3%81%A6%E3%81%8A%E3%82%8A%E3%81%BE%E3%81%99%E3%80%82 送信開始
20240614 185336 http://y-cuore-inc.com/contact/#:~:text=%E2%80%BB%E5%BD%93%E7%A4%BE%E3%81%AE%E4%BB%A3%E8%A1%A8%E7%95%AA%E5%8F%B7,%E3%81%94%E5%AF%BE%E5%BF%9C%E3%81%8A%E9%A1%98%E3%81%84%E3%81%84%E3%81%9F%E3%81%97%E3%81%BE%E3%81%99%E3%80%82&text=%E5%BD%93%E3%82%B5%E3%82%A4%E3%83%88%E3%81%AE%E9%81%8B%E5%96%B6%E3%81%AB%E9%9A%9B%E3%81%97,%E3%81%AB%E5%8A%AA%E3%82%81%E3%81%A6%E3%81%8A%E3%82%8A%E3%81%BE%E3%81%99%E3%80%82 送信成功
20240614 185338 246882 株式会社アメニティ https://www.amenity-ss.co.jp/form/index.php 送信開始
20240614 185338 https://www.amenity-ss.co.jp/form/index.php 送信成功
20240614 185340 246883 株式会社ナック https://www.nacoo.com/contact/ 送信開始
20240614 185340 https://www.nacoo.com/contact/ 送信成功
20240614 185342 246884 株式会社 マテリアル　　株式会社CONNECTEDMATERIAL https://materialpr.jp/contact/ 送信開始
20240614 185342 https://materialpr.jp/contact/ 送信成功
20240614 185344 246885 株式会社 マテリアル／Material Inc.　株式会社CONNECTED MATERIAL https://materialpr.jp/contact/ 送信開始
20240614 185344 https://materialpr.jp/contact/ 送信成功
20240614 185346 246886 株式会社 SEIGI https://www.sangi-co.com/contact/index.html 送信開始
20240614 185347 https://www.sangi-co.com/contact/index.html 送信成功
20240614 185349 246887 有限会社 ウェル・ビーイング http://www.well-b.info/contact.html 送信開始
20240614 185349 http://www.well-b.info/contact.html 送信成功
20240614 185349 246888 株式会社木下フレンド  送信開始
20240614 185349  送信失敗（002）
20240614 185351 246889 株式会社テクノ・スタッフ https://techno-staff.co.jp/contact/ 送信開始
20240614 185352 https://techno-staff.co.jp/contact/ 送信成功
20240614 185357 246890 株式会社T&CJAPAN https://www.ttop-inc.co.jp/company/ 送信開始
20240614 185359 https://www.ttop-inc.co.jp/company/ 送信成功
20240614 185401 246891 税理士法人ハガックス https://www.hagax.com/inquiry/ 送信開始
20240614 185403 https://www.hagax.com/inquiry/ 送信成功
20240614 185405 246892 LR小川会計グループ https://www.lrm.co.jp/contact/ 送信開始
20240614 185407 https://www.lrm.co.jp/contact/ 送信成功
20240614 185409 246893 株式会社サンアグリフーズ https://www.sun-agrifoods.com/contact/ 送信開始
20240614 185410 https://www.sun-agrifoods.com/contact/ 送信成功
20240614 185411 246894 株式会社NST https://www.k-nst.co.jp/contactus 送信開始
20240614 185413 https://www.k-nst.co.jp/contactus 送信成功
20240614 185415 246895 株式会社Anfini https://anfini-grp.co.jp/contact/ 送信開始
20240614 185417 https://anfini-grp.co.jp/contact/ 送信成功
20240614 185421 246896 株式会社アイ・セレクション  送信開始
20240614 185421  送信失敗（002）
20240614 185423 246897 株式会社リグラント https://www.re-grant.com/infomation.html 送信開始
20240614 185423 https://www.re-grant.com/infomation.html 送信成功
20240614 185425 246898 GardenL-ismガーデンリズム/株式会社LB住宅サービス https://l-ism.com/contact.html 送信開始
20240614 185426 https://l-ism.com/contact.html 送信成功
20240614 185428 246899 株式会社TNOベストハウス https://www.besthouse.co.jp/contact 送信開始
20240614 185431 https://www.besthouse.co.jp/contact 送信成功
20240614 185434 246900 リアルテックジャパン株式会社 https://www.realtech.jp/inquiry 送信開始
20240614 185436 https://www.realtech.jp/inquiry 送信成功
20240614 185437 246901 株式会社メディアリンクス https://jp.medialinks.com/contact-media-links/ 送信開始
20240614 185441 https://jp.medialinks.com/contact-media-links/ 送信成功
20240614 185443 246902 株式会社ドリーム https://www.mydream.co.jp/contact/ 送信開始
20240614 185444 https://www.mydream.co.jp/contact/ 送信成功
20240614 185445 246903 株式会社フードリンク https://www.foodlink.co.jp/contact/ 送信開始
20240614 185447 https://www.foodlink.co.jp/contact/ 送信成功
20240614 185449 246904 三共包装株式会社 https://sankyo-housou.jp/contact/ 送信開始
20240614 185452 https://sankyo-housou.jp/contact/ 送信成功
20240614 185453 246905 豊通スメルティングテクノロジー株式会社 https://www.tst-japan.co.jp/inquiry/ 送信開始
20240614 185455 https://www.tst-japan.co.jp/inquiry/ 送信成功
20240614 185456 246906 豊通スメルティングテクノロジー株式会社 https://www.tst-japan.co.jp/inquiry/ 送信開始
20240614 185458 https://www.tst-japan.co.jp/inquiry/ 送信成功
20240614 185459 246907 セブンシーズマーケティングリサーチ株式会社 https://ss-mr.com/contact/ 送信開始
20240614 185502 https://ss-mr.com/contact/ 送信成功
20240614 185503 246908 スーパードライブ株式会社 https://www.superdrive.io/ja/contact-us/ 送信開始
20240614 185508 https://www.superdrive.io/ja/contact-us/ 送信成功
20240614 185510 246909 株式会社ハンドベル・ケア http://handbell-care.com/contact/ 送信開始
20240614 185511 http://handbell-care.com/contact/ 送信成功
20240614 185512 246598 株式会社エイドオール https://aid-all.co.jp/contact 送信開始
20240614 185513 https://aid-all.co.jp/contact 送信成功
20240614 185513 246599 株式会社ＩＫＯＵ  送信開始
20240614 185513  送信失敗（002）
20240614 191338 246880 株式会社ヴェリサイト http://verisite.jp/contact/contact.html 送信開始
20240614 191339 http://verisite.jp/contact/contact.html 送信成功
20240614 191340 246881 株式会社クオーレ http://y-cuore-inc.com/contact/#:~:text=%E2%80%BB%E5%BD%93%E7%A4%BE%E3%81%AE%E4%BB%A3%E8%A1%A8%E7%95%AA%E5%8F%B7,%E3%81%94%E5%AF%BE%E5%BF%9C%E3%81%8A%E9%A1%98%E3%81%84%E3%81%84%E3%81%9F%E3%81%97%E3%81%BE%E3%81%99%E3%80%82&text=%E5%BD%93%E3%82%B5%E3%82%A4%E3%83%88%E3%81%AE%E9%81%8B%E5%96%B6%E3%81%AB%E9%9A%9B%E3%81%97,%E3%81%AB%E5%8A%AA%E3%82%81%E3%81%A6%E3%81%8A%E3%82%8A%E3%81%BE%E3%81%99%E3%80%82 送信開始
20240614 191340 http://y-cuore-inc.com/contact/#:~:text=%E2%80%BB%E5%BD%93%E7%A4%BE%E3%81%AE%E4%BB%A3%E8%A1%A8%E7%95%AA%E5%8F%B7,%E3%81%94%E5%AF%BE%E5%BF%9C%E3%81%8A%E9%A1%98%E3%81%84%E3%81%84%E3%81%9F%E3%81%97%E3%81%BE%E3%81%99%E3%80%82&text=%E5%BD%93%E3%82%B5%E3%82%A4%E3%83%88%E3%81%AE%E9%81%8B%E5%96%B6%E3%81%AB%E9%9A%9B%E3%81%97,%E3%81%AB%E5%8A%AA%E3%82%81%E3%81%A6%E3%81%8A%E3%82%8A%E3%81%BE%E3%81%99%E3%80%82 送信成功
20240614 191342 246882 株式会社アメニティ https://www.amenity-ss.co.jp/form/index.php 送信開始
20240614 191342 https://www.amenity-ss.co.jp/form/index.php 送信成功
20240614 191344 246883 株式会社ナック https://www.nacoo.com/contact/ 送信開始
20240614 191344 https://www.nacoo.com/contact/ 送信成功
20240614 191346 246884 株式会社 マテリアル　　株式会社CONNECTEDMATERIAL https://materialpr.jp/contact/ 送信開始
20240614 191346 https://materialpr.jp/contact/ 送信成功
20240614 191347 246885 株式会社 マテリアル／Material Inc.　株式会社CONNECTED MATERIAL https://materialpr.jp/contact/ 送信開始
20240614 191348 https://materialpr.jp/contact/ 送信成功
20240614 191350 246886 株式会社 SEIGI https://www.sangi-co.com/contact/index.html 送信開始
20240614 191351 https://www.sangi-co.com/contact/index.html 送信成功
20240614 191352 246887 有限会社 ウェル・ビーイング http://www.well-b.info/contact.html 送信開始
20240614 191352 http://www.well-b.info/contact.html 送信成功
20240614 191853 246880 株式会社ヴェリサイト http://verisite.jp/contact/contact.html 送信開始
20240614 191854 http://verisite.jp/contact/contact.html 送信成功
20240614 191855 246881 株式会社クオーレ http://y-cuore-inc.com/contact/#:~:text=%E2%80%BB%E5%BD%93%E7%A4%BE%E3%81%AE%E4%BB%A3%E8%A1%A8%E7%95%AA%E5%8F%B7,%E3%81%94%E5%AF%BE%E5%BF%9C%E3%81%8A%E9%A1%98%E3%81%84%E3%81%84%E3%81%9F%E3%81%97%E3%81%BE%E3%81%99%E3%80%82&text=%E5%BD%93%E3%82%B5%E3%82%A4%E3%83%88%E3%81%AE%E9%81%8B%E5%96%B6%E3%81%AB%E9%9A%9B%E3%81%97,%E3%81%AB%E5%8A%AA%E3%82%81%E3%81%A6%E3%81%8A%E3%82%8A%E3%81%BE%E3%81%99%E3%80%82 送信開始
20240614 191856 http://y-cuore-inc.com/contact/#:~:text=%E2%80%BB%E5%BD%93%E7%A4%BE%E3%81%AE%E4%BB%A3%E8%A1%A8%E7%95%AA%E5%8F%B7,%E3%81%94%E5%AF%BE%E5%BF%9C%E3%81%8A%E9%A1%98%E3%81%84%E3%81%84%E3%81%9F%E3%81%97%E3%81%BE%E3%81%99%E3%80%82&text=%E5%BD%93%E3%82%B5%E3%82%A4%E3%83%88%E3%81%AE%E9%81%8B%E5%96%B6%E3%81%AB%E9%9A%9B%E3%81%97,%E3%81%AB%E5%8A%AA%E3%82%81%E3%81%A6%E3%81%8A%E3%82%8A%E3%81%BE%E3%81%99%E3%80%82 送信成功
20240614 191857 246882 株式会社アメニティ https://www.amenity-ss.co.jp/form/index.php 送信開始
20240614 191858 https://www.amenity-ss.co.jp/form/index.php 送信成功
20240614 191859 246883 株式会社ナック https://www.nacoo.com/contact/ 送信開始
20240614 191900 https://www.nacoo.com/contact/ 送信成功
20240614 191901 246884 株式会社 マテリアル　　株式会社CONNECTEDMATERIAL https://materialpr.jp/contact/ 送信開始
20240614 191902 https://materialpr.jp/contact/ 送信成功
20240614 191903 246885 株式会社 マテリアル／Material Inc.　株式会社CONNECTED MATERIAL https://materialpr.jp/contact/ 送信開始
20240614 191904 https://materialpr.jp/contact/ 送信成功
20240614 191905 246886 株式会社 SEIGI https://www.sangi-co.com/contact/index.html 送信開始
20240614 191906 https://www.sangi-co.com/contact/index.html 送信成功
20240614 191908 246887 有限会社 ウェル・ビーイング http://www.well-b.info/contact.html 送信開始
20240614 191908 http://www.well-b.info/contact.html 送信成功
20240614 192114 246880 株式会社ヴェリサイト http://verisite.jp/contact/contact.html 送信開始
20240614 192115 http://verisite.jp/contact/contact.html 送信成功
20240614 192116 246881 株式会社クオーレ http://y-cuore-inc.com/contact/#:~:text=%E2%80%BB%E5%BD%93%E7%A4%BE%E3%81%AE%E4%BB%A3%E8%A1%A8%E7%95%AA%E5%8F%B7,%E3%81%94%E5%AF%BE%E5%BF%9C%E3%81%8A%E9%A1%98%E3%81%84%E3%81%84%E3%81%9F%E3%81%97%E3%81%BE%E3%81%99%E3%80%82&text=%E5%BD%93%E3%82%B5%E3%82%A4%E3%83%88%E3%81%AE%E9%81%8B%E5%96%B6%E3%81%AB%E9%9A%9B%E3%81%97,%E3%81%AB%E5%8A%AA%E3%82%81%E3%81%A6%E3%81%8A%E3%82%8A%E3%81%BE%E3%81%99%E3%80%82 送信開始
20240614 192116 http://y-cuore-inc.com/contact/#:~:text=%E2%80%BB%E5%BD%93%E7%A4%BE%E3%81%AE%E4%BB%A3%E8%A1%A8%E7%95%AA%E5%8F%B7,%E3%81%94%E5%AF%BE%E5%BF%9C%E3%81%8A%E9%A1%98%E3%81%84%E3%81%84%E3%81%9F%E3%81%97%E3%81%BE%E3%81%99%E3%80%82&text=%E5%BD%93%E3%82%B5%E3%82%A4%E3%83%88%E3%81%AE%E9%81%8B%E5%96%B6%E3%81%AB%E9%9A%9B%E3%81%97,%E3%81%AB%E5%8A%AA%E3%82%81%E3%81%A6%E3%81%8A%E3%82%8A%E3%81%BE%E3%81%99%E3%80%82 送信成功
20240614 192118 246882 株式会社アメニティ https://www.amenity-ss.co.jp/form/index.php 送信開始
20240614 192118 https://www.amenity-ss.co.jp/form/index.php 送信成功
20240614 192119 246883 株式会社ナック https://www.nacoo.com/contact/ 送信開始
20240614 192120 https://www.nacoo.com/contact/ 送信成功
20240614 192121 246884 株式会社 マテリアル　　株式会社CONNECTEDMATERIAL https://materialpr.jp/contact/ 送信開始
20240614 192121 https://materialpr.jp/contact/ 送信成功
20240614 192123 246885 株式会社 マテリアル／Material Inc.　株式会社CONNECTED MATERIAL https://materialpr.jp/contact/ 送信開始
20240614 192123 https://materialpr.jp/contact/ 送信成功
20240614 192124 246886 株式会社 SEIGI https://www.sangi-co.com/contact/index.html 送信開始
20240614 192125 https://www.sangi-co.com/contact/index.html 送信成功
20240614 192127 246887 有限会社 ウェル・ビーイング http://www.well-b.info/contact.html 送信開始
20240614 192127 http://www.well-b.info/contact.html 送信成功
20240614 192225 246880 株式会社ヴェリサイト http://verisite.jp/contact/contact.html 送信開始
20240614 192226 http://verisite.jp/contact/contact.html 送信成功
20240614 192227 246881 株式会社クオーレ http://y-cuore-inc.com/contact/#:~:text=%E2%80%BB%E5%BD%93%E7%A4%BE%E3%81%AE%E4%BB%A3%E8%A1%A8%E7%95%AA%E5%8F%B7,%E3%81%94%E5%AF%BE%E5%BF%9C%E3%81%8A%E9%A1%98%E3%81%84%E3%81%84%E3%81%9F%E3%81%97%E3%81%BE%E3%81%99%E3%80%82&text=%E5%BD%93%E3%82%B5%E3%82%A4%E3%83%88%E3%81%AE%E9%81%8B%E5%96%B6%E3%81%AB%E9%9A%9B%E3%81%97,%E3%81%AB%E5%8A%AA%E3%82%81%E3%81%A6%E3%81%8A%E3%82%8A%E3%81%BE%E3%81%99%E3%80%82 送信開始
20240614 192228 http://y-cuore-inc.com/contact/#:~:text=%E2%80%BB%E5%BD%93%E7%A4%BE%E3%81%AE%E4%BB%A3%E8%A1%A8%E7%95%AA%E5%8F%B7,%E3%81%94%E5%AF%BE%E5%BF%9C%E3%81%8A%E9%A1%98%E3%81%84%E3%81%84%E3%81%9F%E3%81%97%E3%81%BE%E3%81%99%E3%80%82&text=%E5%BD%93%E3%82%B5%E3%82%A4%E3%83%88%E3%81%AE%E9%81%8B%E5%96%B6%E3%81%AB%E9%9A%9B%E3%81%97,%E3%81%AB%E5%8A%AA%E3%82%81%E3%81%A6%E3%81%8A%E3%82%8A%E3%81%BE%E3%81%99%E3%80%82 送信成功
20240614 192229 246882 株式会社アメニティ https://www.amenity-ss.co.jp/form/index.php 送信開始
20240614 192230 https://www.amenity-ss.co.jp/form/index.php 送信成功
20240614 192231 246883 株式会社ナック https://www.nacoo.com/contact/ 送信開始
20240614 192232 https://www.nacoo.com/contact/ 送信成功
20240614 192233 246884 株式会社 マテリアル　　株式会社CONNECTEDMATERIAL https://materialpr.jp/contact/ 送信開始
20240614 192233 https://materialpr.jp/contact/ 送信成功
20240614 192235 246885 株式会社 マテリアル／Material Inc.　株式会社CONNECTED MATERIAL https://materialpr.jp/contact/ 送信開始
20240614 192235 https://materialpr.jp/contact/ 送信成功
20240614 192237 246886 株式会社 SEIGI https://www.sangi-co.com/contact/index.html 送信開始
20240614 192238 https://www.sangi-co.com/contact/index.html 送信成功
20240614 192239 246887 有限会社 ウェル・ビーイング http://www.well-b.info/contact.html 送信開始
20240614 192240 http://www.well-b.info/contact.html 送信成功
20240614 192357 246880 株式会社ヴェリサイト http://verisite.jp/contact/contact.html 送信開始
20240614 192358 http://verisite.jp/contact/contact.html 送信成功
20240614 192359 246881 株式会社クオーレ http://y-cuore-inc.com/contact/#:~:text=%E2%80%BB%E5%BD%93%E7%A4%BE%E3%81%AE%E4%BB%A3%E8%A1%A8%E7%95%AA%E5%8F%B7,%E3%81%94%E5%AF%BE%E5%BF%9C%E3%81%8A%E9%A1%98%E3%81%84%E3%81%84%E3%81%9F%E3%81%97%E3%81%BE%E3%81%99%E3%80%82&text=%E5%BD%93%E3%82%B5%E3%82%A4%E3%83%88%E3%81%AE%E9%81%8B%E5%96%B6%E3%81%AB%E9%9A%9B%E3%81%97,%E3%81%AB%E5%8A%AA%E3%82%81%E3%81%A6%E3%81%8A%E3%82%8A%E3%81%BE%E3%81%99%E3%80%82 送信開始
20240614 192359 http://y-cuore-inc.com/contact/#:~:text=%E2%80%BB%E5%BD%93%E7%A4%BE%E3%81%AE%E4%BB%A3%E8%A1%A8%E7%95%AA%E5%8F%B7,%E3%81%94%E5%AF%BE%E5%BF%9C%E3%81%8A%E9%A1%98%E3%81%84%E3%81%84%E3%81%9F%E3%81%97%E3%81%BE%E3%81%99%E3%80%82&text=%E5%BD%93%E3%82%B5%E3%82%A4%E3%83%88%E3%81%AE%E9%81%8B%E5%96%B6%E3%81%AB%E9%9A%9B%E3%81%97,%E3%81%AB%E5%8A%AA%E3%82%81%E3%81%A6%E3%81%8A%E3%82%8A%E3%81%BE%E3%81%99%E3%80%82 送信成功
20240614 192401 246882 株式会社アメニティ https://www.amenity-ss.co.jp/form/index.php 送信開始
20240614 192401 https://www.amenity-ss.co.jp/form/index.php 送信成功
20240614 192403 246883 株式会社ナック https://www.nacoo.com/contact/ 送信開始
20240614 192403 https://www.nacoo.com/contact/ 送信成功
20240614 192405 246884 株式会社 マテリアル　　株式会社CONNECTEDMATERIAL https://materialpr.jp/contact/ 送信開始
20240614 192405 https://materialpr.jp/contact/ 送信成功
20240614 192406 246885 株式会社 マテリアル／Material Inc.　株式会社CONNECTED MATERIAL https://materialpr.jp/contact/ 送信開始
20240614 192407 https://materialpr.jp/contact/ 送信成功
20240614 192408 246886 株式会社 SEIGI https://www.sangi-co.com/contact/index.html 送信開始
20240614 192409 https://www.sangi-co.com/contact/index.html 送信成功
20240614 192411 246887 有限会社 ウェル・ビーイング http://www.well-b.info/contact.html 送信開始
20240614 192411 http://www.well-b.info/contact.html 送信成功
20240614 192411 246888 株式会社木下フレンド  送信開始
20240614 192411  送信失敗（002）
20240614 192412 246889 株式会社テクノ・スタッフ https://techno-staff.co.jp/contact/ 送信開始
20240614 192413 https://techno-staff.co.jp/contact/ 送信成功
20240614 192417 246890 株式会社T&CJAPAN https://www.ttop-inc.co.jp/company/ 送信開始
20240614 192420 https://www.ttop-inc.co.jp/company/ 送信成功
20240614 192421 246891 税理士法人ハガックス https://www.hagax.com/inquiry/ 送信開始
20240614 192423 https://www.hagax.com/inquiry/ 送信成功
20240614 192425 246892 LR小川会計グループ https://www.lrm.co.jp/contact/ 送信開始
20240614 192427 https://www.lrm.co.jp/contact/ 送信成功
20240614 192428 246893 株式会社サンアグリフーズ https://www.sun-agrifoods.com/contact/ 送信開始
20240614 192429 https://www.sun-agrifoods.com/contact/ 送信成功
20240614 192430 246894 株式会社NST https://www.k-nst.co.jp/contactus 送信開始
20240614 192432 https://www.k-nst.co.jp/contactus 送信成功
20240614 192433 246895 株式会社Anfini https://anfini-grp.co.jp/contact/ 送信開始
20240614 192435 https://anfini-grp.co.jp/contact/ 送信成功
20240614 192439 246896 株式会社アイ・セレクション https://i-selection.jp/contact/ 送信開始
20240614 192439 https://i-selection.jp/contact/ 送信成功
20240614 192440 246897 株式会社リグラント https://www.re-grant.com/infomation.html 送信開始
20240614 192440 https://www.re-grant.com/infomation.html 送信成功
20240614 192442 246898 GardenL-ismガーデンリズム/株式会社LB住宅サービス https://l-ism.com/contact.html 送信開始
20240614 192443 https://l-ism.com/contact.html 送信成功
20240614 192445 246899 株式会社TNOベストハウス https://www.besthouse.co.jp/contact 送信開始
20240614 192447 https://www.besthouse.co.jp/contact 送信成功
20240614 192448 246900 リアルテックジャパン株式会社 https://www.realtech.jp/inquiry 送信開始
20240614 192451 https://www.realtech.jp/inquiry 送信成功
20240614 192452 246901 株式会社メディアリンクス https://jp.medialinks.com/contact-media-links/ 送信開始
20240614 192456 https://jp.medialinks.com/contact-media-links/ 送信成功
20240614 192457 246902 株式会社ドリーム https://www.mydream.co.jp/contact/ 送信開始
20240614 192458 https://www.mydream.co.jp/contact/ 送信成功
20240614 192459 246903 株式会社フードリンク https://www.foodlink.co.jp/contact/ 送信開始
20240614 192459 https://www.foodlink.co.jp/contact/ 送信成功
20240614 192501 246904 三共包装株式会社 https://sankyo-housou.jp/contact/ 送信開始
20240614 192502 https://sankyo-housou.jp/contact/ 送信成功
20240614 192503 246905 豊通スメルティングテクノロジー株式会社 https://www.tst-japan.co.jp/inquiry/ 送信開始
20240614 192505 https://www.tst-japan.co.jp/inquiry/ 送信成功
20240614 192506 246906 豊通スメルティングテクノロジー株式会社 https://www.tst-japan.co.jp/inquiry/ 送信開始
20240614 192508 https://www.tst-japan.co.jp/inquiry/ 送信成功
20240614 192509 246907 セブンシーズマーケティングリサーチ株式会社 https://ss-mr.com/contact/ 送信開始
20240614 192511 https://ss-mr.com/contact/ 送信成功
20240614 192513 246908 スーパードライブ株式会社 https://www.superdrive.io/ja/contact-us/ 送信開始
20240614 192515 https://www.superdrive.io/ja/contact-us/ 送信成功
20240614 192516 246909 株式会社ハンドベル・ケア http://handbell-care.com/contact/ 送信開始
20240614 192517 http://handbell-care.com/contact/ 送信成功
20240614 192518 246598 株式会社エイドオール https://aid-all.co.jp/contact 送信開始
20240614 192520 https://aid-all.co.jp/contact 送信成功
20240614 192520 246599 株式会社ＩＫＯＵ  送信開始
20240614 192520  送信失敗（002）
20240614 193003 246888 株式会社木下フレンド  送信開始
20240614 193003  送信失敗（002）
20240614 193109 246888 株式会社木下フレンド http://www.k-friend.co.jp/contact/index.html 送信開始
20240614 193109 http://www.k-friend.co.jp/contact/index.html 送信成功
20240614 193139 246880 株式会社ヴェリサイト http://verisite.jp/contact/contact.html 送信開始
20240614 193139 http://verisite.jp/contact/contact.html 送信成功
20240614 193141 246881 株式会社クオーレ http://y-cuore-inc.com/contact/#:~:text=%E2%80%BB%E5%BD%93%E7%A4%BE%E3%81%AE%E4%BB%A3%E8%A1%A8%E7%95%AA%E5%8F%B7,%E3%81%94%E5%AF%BE%E5%BF%9C%E3%81%8A%E9%A1%98%E3%81%84%E3%81%84%E3%81%9F%E3%81%97%E3%81%BE%E3%81%99%E3%80%82&text=%E5%BD%93%E3%82%B5%E3%82%A4%E3%83%88%E3%81%AE%E9%81%8B%E5%96%B6%E3%81%AB%E9%9A%9B%E3%81%97,%E3%81%AB%E5%8A%AA%E3%82%81%E3%81%A6%E3%81%8A%E3%82%8A%E3%81%BE%E3%81%99%E3%80%82 送信開始
20240614 193141 http://y-cuore-inc.com/contact/#:~:text=%E2%80%BB%E5%BD%93%E7%A4%BE%E3%81%AE%E4%BB%A3%E8%A1%A8%E7%95%AA%E5%8F%B7,%E3%81%94%E5%AF%BE%E5%BF%9C%E3%81%8A%E9%A1%98%E3%81%84%E3%81%84%E3%81%9F%E3%81%97%E3%81%BE%E3%81%99%E3%80%82&text=%E5%BD%93%E3%82%B5%E3%82%A4%E3%83%88%E3%81%AE%E9%81%8B%E5%96%B6%E3%81%AB%E9%9A%9B%E3%81%97,%E3%81%AB%E5%8A%AA%E3%82%81%E3%81%A6%E3%81%8A%E3%82%8A%E3%81%BE%E3%81%99%E3%80%82 送信成功
20240614 193143 246882 株式会社アメニティ https://www.amenity-ss.co.jp/form/index.php 送信開始
20240614 193143 https://www.amenity-ss.co.jp/form/index.php 送信成功
20240614 193144 246883 株式会社ナック https://www.nacoo.com/contact/ 送信開始
20240614 193145 https://www.nacoo.com/contact/ 送信成功
20240614 193147 246884 株式会社 マテリアル　　株式会社CONNECTEDMATERIAL https://materialpr.jp/contact/ 送信開始
20240614 193147 https://materialpr.jp/contact/ 送信成功
20240614 193148 246885 株式会社 マテリアル／Material Inc.　株式会社CONNECTED MATERIAL https://materialpr.jp/contact/ 送信開始
20240614 193149 https://materialpr.jp/contact/ 送信成功
20240614 193150 246886 株式会社 SEIGI https://www.sangi-co.com/contact/index.html 送信開始
20240614 193151 https://www.sangi-co.com/contact/index.html 送信成功
20240614 193153 246887 有限会社 ウェル・ビーイング http://www.well-b.info/contact.html 送信開始
20240614 193153 http://www.well-b.info/contact.html 送信成功
20240614 193154 246888 株式会社木下フレンド http://www.k-friend.co.jp/contact/index.html 送信開始
20240614 193156 http://www.k-friend.co.jp/contact/index.html 送信成功
20240614 193157 246889 株式会社テクノ・スタッフ https://techno-staff.co.jp/contact/ 送信開始
20240614 193158 https://techno-staff.co.jp/contact/ 送信成功
20240614 193202 246890 株式会社T&CJAPAN https://www.ttop-inc.co.jp/company/ 送信開始
20240614 193204 https://www.ttop-inc.co.jp/company/ 送信成功
20240614 193206 246891 税理士法人ハガックス https://www.hagax.com/inquiry/ 送信開始
20240614 193208 https://www.hagax.com/inquiry/ 送信成功
20240614 193209 246892 LR小川会計グループ https://www.lrm.co.jp/contact/ 送信開始
20240614 193212 https://www.lrm.co.jp/contact/ 送信成功
20240614 193213 246893 株式会社サンアグリフーズ https://www.sun-agrifoods.com/contact/ 送信開始
20240614 193214 https://www.sun-agrifoods.com/contact/ 送信成功
20240614 193215 246894 株式会社NST https://www.k-nst.co.jp/contactus 送信開始
20240614 193217 https://www.k-nst.co.jp/contactus 送信成功
20240614 193218 246895 株式会社Anfini https://anfini-grp.co.jp/contact/ 送信開始
20240614 193220 https://anfini-grp.co.jp/contact/ 送信成功
20240614 193223 246896 株式会社アイ・セレクション https://i-selection.jp/contact/ 送信開始
20240614 193223 https://i-selection.jp/contact/ 送信成功
20240614 193225 246897 株式会社リグラント https://www.re-grant.com/infomation.html 送信開始
20240614 193225 https://www.re-grant.com/infomation.html 送信成功
20240614 193227 246898 GardenL-ismガーデンリズム/株式会社LB住宅サービス https://l-ism.com/contact.html 送信開始
20240614 193228 https://l-ism.com/contact.html 送信成功
20240614 193229 246899 株式会社TNOベストハウス https://www.besthouse.co.jp/contact 送信開始
20240614 193231 https://www.besthouse.co.jp/contact 送信成功
20240614 193232 246900 リアルテックジャパン株式会社 https://www.realtech.jp/inquiry 送信開始
20240614 193234 https://www.realtech.jp/inquiry 送信成功
20240614 193235 246901 株式会社メディアリンクス https://jp.medialinks.com/contact-media-links/ 送信開始
20240614 193240 https://jp.medialinks.com/contact-media-links/ 送信成功
20240614 193241 246902 株式会社ドリーム https://www.mydream.co.jp/contact/ 送信開始
20240614 193241 https://www.mydream.co.jp/contact/ 送信成功
20240614 193243 246903 株式会社フードリンク https://www.foodlink.co.jp/contact/ 送信開始
20240614 193244 https://www.foodlink.co.jp/contact/ 送信成功
20240614 193245 246904 三共包装株式会社 https://sankyo-housou.jp/contact/ 送信開始
20240614 193249 https://sankyo-housou.jp/contact/ 送信成功
20240614 193250 246905 豊通スメルティングテクノロジー株式会社 https://www.tst-japan.co.jp/inquiry/ 送信開始
20240614 193252 https://www.tst-japan.co.jp/inquiry/ 送信成功
20240614 193253 246906 豊通スメルティングテクノロジー株式会社 https://www.tst-japan.co.jp/inquiry/ 送信開始
20240614 193255 https://www.tst-japan.co.jp/inquiry/ 送信成功
20240614 193256 246907 セブンシーズマーケティングリサーチ株式会社 https://ss-mr.com/contact/ 送信開始
20240614 193258 https://ss-mr.com/contact/ 送信成功
20240614 193259 246908 スーパードライブ株式会社 https://www.superdrive.io/ja/contact-us/ 送信開始
20240614 193302 https://www.superdrive.io/ja/contact-us/ 送信成功
20240614 193303 246909 株式会社ハンドベル・ケア http://handbell-care.com/contact/ 送信開始
20240614 193304 http://handbell-care.com/contact/ 送信成功
20240614 193305 246598 株式会社エイドオール https://aid-all.co.jp/contact 送信開始
20240614 193306 https://aid-all.co.jp/contact 送信成功
20240614 193308 246599 株式会社ＩＫＯＵ https://i-kou.jp/contact/ 送信開始
20240614 193311 https://i-kou.jp/contact/ 送信成功
20240614 193408 246880 株式会社ヴェリサイト http://verisite.jp/contact/contact.html 送信開始
20240614 193737 http://verisite.jp/contact/contact.html 送信失敗（001）
20240614 193739 246881 株式会社クオーレ http://y-cuore-inc.com/contact/#:~:text=%E2%80%BB%E5%BD%93%E7%A4%BE%E3%81%AE%E4%BB%A3%E8%A1%A8%E7%95%AA%E5%8F%B7,%E3%81%94%E5%AF%BE%E5%BF%9C%E3%81%8A%E9%A1%98%E3%81%84%E3%81%84%E3%81%9F%E3%81%97%E3%81%BE%E3%81%99%E3%80%82&text=%E5%BD%93%E3%82%B5%E3%82%A4%E3%83%88%E3%81%AE%E9%81%8B%E5%96%B6%E3%81%AB%E9%9A%9B%E3%81%97,%E3%81%AB%E5%8A%AA%E3%82%81%E3%81%A6%E3%81%8A%E3%82%8A%E3%81%BE%E3%81%99%E3%80%82 送信開始
20240614 193915 http://y-cuore-inc.com/contact/#:~:text=%E2%80%BB%E5%BD%93%E7%A4%BE%E3%81%AE%E4%BB%A3%E8%A1%A8%E7%95%AA%E5%8F%B7,%E3%81%94%E5%AF%BE%E5%BF%9C%E3%81%8A%E9%A1%98%E3%81%84%E3%81%84%E3%81%9F%E3%81%97%E3%81%BE%E3%81%99%E3%80%82&text=%E5%BD%93%E3%82%B5%E3%82%A4%E3%83%88%E3%81%AE%E9%81%8B%E5%96%B6%E3%81%AB%E9%9A%9B%E3%81%97,%E3%81%AB%E5%8A%AA%E3%82%81%E3%81%A6%E3%81%8A%E3%82%8A%E3%81%BE%E3%81%99%E3%80%82 送信成功
20240614 193917 246882 株式会社アメニティ https://www.amenity-ss.co.jp/form/index.php 送信開始
20240614 194229 https://www.amenity-ss.co.jp/form/index.php 送信失敗（001）
20240614 194231 246883 株式会社ナック https://www.nacoo.com/contact/ 送信開始
20240614 194516 https://www.nacoo.com/contact/ 送信失敗（001）
20240614 194518 246884 株式会社 マテリアル　　株式会社CONNECTEDMATERIAL https://materialpr.jp/contact/ 送信開始
20240614 194849 https://materialpr.jp/contact/ 送信失敗（001）
20240614 194851 246885 株式会社 マテリアル／Material Inc.　株式会社CONNECTED MATERIAL https://materialpr.jp/contact/ 送信開始
20240614 195221 https://materialpr.jp/contact/ 送信失敗（001）
20240614 195223 246886 株式会社 SEIGI https://www.sangi-co.com/contact/index.html 送信開始
20240614 195405 https://www.sangi-co.com/contact/index.html 送信失敗（001）
20240614 195406 246887 有限会社 ウェル・ビーイング http://www.well-b.info/contact.html 送信開始
20240614 195805 http://www.well-b.info/contact.html 送信失敗（001）
20240614 195806 246888 株式会社木下フレンド http://www.k-friend.co.jp/contact/index.html 送信開始
20240614 200155 http://www.k-friend.co.jp/contact/index.html 送信失敗（001）
20240614 200156 246889 株式会社テクノ・スタッフ https://techno-staff.co.jp/contact/ 送信開始
20240614 200559 https://techno-staff.co.jp/contact/ 送信成功
20240614 200604 246890 株式会社T&CJAPAN https://www.ttop-inc.co.jp/company/ 送信開始
20240614 200621 https://www.ttop-inc.co.jp/company/ 送信失敗（001）
20240614 200622 246891 税理士法人ハガックス https://www.hagax.com/inquiry/ 送信開始
20240614 200916 https://www.hagax.com/inquiry/ 送信失敗（001）
20240614 200917 246892 LR小川会計グループ https://www.lrm.co.jp/contact/ 送信開始
20240614 201121 https://www.lrm.co.jp/contact/ 送信成功
20240614 201123 246893 株式会社サンアグリフーズ https://www.sun-agrifoods.com/contact/ 送信開始
20240614 201232 https://www.sun-agrifoods.com/contact/ 送信成功
20240614 201233 246894 株式会社NST https://www.k-nst.co.jp/contactus 送信開始
20240614 201426 https://www.k-nst.co.jp/contactus 送信失敗（001）
20240614 201428 246895 株式会社Anfini https://anfini-grp.co.jp/contact/ 送信開始
20240614 201851 https://anfini-grp.co.jp/contact/ 送信失敗（001）
20240614 201854 246896 株式会社アイ・セレクション https://i-selection.jp/contact/ 送信開始
20240614 201909 https://i-selection.jp/contact/ 送信失敗（001）
20240614 201910 246897 株式会社リグラント https://www.re-grant.com/infomation.html 送信開始
20240614 201925 https://www.re-grant.com/infomation.html 送信失敗（001）
20240614 201927 246898 GardenL-ismガーデンリズム/株式会社LB住宅サービス https://l-ism.com/contact.html 送信開始
20240614 202315 https://l-ism.com/contact.html 送信失敗（001）
20240614 202318 246899 株式会社TNOベストハウス https://www.besthouse.co.jp/contact 送信開始
20240614 202519 https://www.besthouse.co.jp/contact 送信失敗（001）
20240614 202521 246900 リアルテックジャパン株式会社 https://www.realtech.jp/inquiry 送信開始
20240614 202836 https://www.realtech.jp/inquiry 送信成功
20240614 202837 246901 株式会社メディアリンクス https://jp.medialinks.com/contact-media-links/ 送信開始
20240614 203336 https://jp.medialinks.com/contact-media-links/ 送信失敗（001）
20240614 203338 246902 株式会社ドリーム https://www.mydream.co.jp/contact/ 送信開始
20240614 203355 https://www.mydream.co.jp/contact/ 送信失敗（001）
20240614 203357 246903 株式会社フードリンク https://www.foodlink.co.jp/contact/ 送信開始
20240614 203412 https://www.foodlink.co.jp/contact/ 送信失敗（001）
20240614 203414 246904 三共包装株式会社 https://sankyo-housou.jp/contact/ 送信開始
20240614 203616 https://sankyo-housou.jp/contact/ 送信失敗（001）
20240614 203617 246905 豊通スメルティングテクノロジー株式会社 https://www.tst-japan.co.jp/inquiry/ 送信開始
20240614 203808 https://www.tst-japan.co.jp/inquiry/ 送信成功
20240614 203810 246906 豊通スメルティングテクノロジー株式会社 https://www.tst-japan.co.jp/inquiry/ 送信開始
20240614 204000 https://www.tst-japan.co.jp/inquiry/ 送信成功
20240614 204002 246907 セブンシーズマーケティングリサーチ株式会社 https://ss-mr.com/contact/ 送信開始
20240614 204144 https://ss-mr.com/contact/ 送信成功
20240614 204145 246908 スーパードライブ株式会社 https://www.superdrive.io/ja/contact-us/ 送信開始
20240614 204201 https://www.superdrive.io/ja/contact-us/ 送信失敗（001）
20240614 204202 246909 株式会社ハンドベル・ケア http://handbell-care.com/contact/ 送信開始
20240614 204450 http://handbell-care.com/contact/ 送信失敗（001）
20240614 204451 246598 株式会社エイドオール https://aid-all.co.jp/contact 送信開始
20240614 204839 https://aid-all.co.jp/contact 送信失敗（001）
20240614 204841 246599 株式会社ＩＫＯＵ https://i-kou.jp/contact/ 送信開始
20240614 205251 https://i-kou.jp/contact/ 送信失敗（001）
20240615 101139 246880 株式会社ヴェリサイト http://verisite.jp/contact/contact.html 送信開始
20240615 101511 http://verisite.jp/contact/contact.html 送信失敗（001）
20240615 102133 246880 株式会社ヴェリサイト http://verisite.jp/contact/contact.html 送信開始
20240615 110222 246880 株式会社ヴェリサイト http://verisite.jp/contact/contact.html 送信開始
20240615 114939 246880 株式会社ヴェリサイト http://verisite.jp/contact/contact.html 送信開始
20240615 115303 http://verisite.jp/contact/contact.html 送信成功
20240615 120657 246880 株式会社ヴェリサイト http://verisite.jp/contact/contact.html 送信開始
20240615 121022 http://verisite.jp/contact/contact.html 送信成功
20240615 121024 246882 株式会社アメニティ https://www.amenity-ss.co.jp/form/index.php 送信開始
20240615 121329 https://www.amenity-ss.co.jp/form/index.php 送信成功
20240615 121331 246883 株式会社ナック https://www.nacoo.com/contact/ 送信開始
20240615 121432 https://www.nacoo.com/contact/ 送信失敗（001）
20240615 121502 246880 株式会社ヴェリサイト http://verisite.jp/contact/contact.html 送信開始
20240615 121832 http://verisite.jp/contact/contact.html 送信成功
20240615 121833 246882 株式会社アメニティ https://www.amenity-ss.co.jp/form/index.php 送信開始
20240615 122143 https://www.amenity-ss.co.jp/form/index.php 送信成功
20240615 122146 246883 株式会社ナック https://www.nacoo.com/contact/ 送信開始
20240615 122433 https://www.nacoo.com/contact/ 送信失敗（001）
20240615 122434 246884 株式会社 マテリアル　　株式会社CONNECTEDMATERIAL https://materialpr.jp/contact/ 送信開始
20240615 122807 https://materialpr.jp/contact/ 送信成功
20240615 122809 246885 株式会社 マテリアル／Material Inc.　株式会社CONNECTED MATERIAL https://materialpr.jp/contact/ 送信開始
20240615 123140 https://materialpr.jp/contact/ 送信成功
20240615 123142 246886 株式会社 SEIGI https://www.sangi-co.com/contact/index.html 送信開始
20240615 123324 https://www.sangi-co.com/contact/index.html 送信成功
20240615 123326 246887 有限会社 ウェル・ビーイング http://www.well-b.info/contact.html 送信開始
20240615 123725 http://www.well-b.info/contact.html 送信成功
20240615 123727 246888 株式会社木下フレンド http://www.k-friend.co.jp/contact/index.html 送信開始
20240615 124115 http://www.k-friend.co.jp/contact/index.html 送信成功
20240615 124120 246890 株式会社T&CJAPAN https://www.ttop-inc.co.jp/company/ 送信開始
20240615 124139 https://www.ttop-inc.co.jp/company/ 送信失敗（001）
20240615 124141 246891 税理士法人ハガックス https://www.hagax.com/inquiry/ 送信開始
20240615 124433 https://www.hagax.com/inquiry/ 送信成功
20240615 124435 246894 株式会社NST https://www.k-nst.co.jp/contactus 送信開始
20240615 124631 https://www.k-nst.co.jp/contactus 送信失敗（001）
20240615 124633 246895 株式会社Anfini https://anfini-grp.co.jp/contact/ 送信開始
20240615 125054 https://anfini-grp.co.jp/contact/ 送信成功
20240615 125058 246896 株式会社アイ・セレクション https://i-selection.jp/contact/ 送信開始
20240615 125112 https://i-selection.jp/contact/ 送信失敗（001）
20240615 125114 246897 株式会社リグラント https://www.re-grant.com/infomation.html 送信開始
20240615 125130 https://www.re-grant.com/infomation.html 送信失敗（001）
20240615 125132 246898 GardenL-ismガーデンリズム/株式会社LB住宅サービス https://l-ism.com/contact.html 送信開始
20240615 125524 https://l-ism.com/contact.html 送信成功
20240615 125527 246899 株式会社TNOベストハウス https://www.besthouse.co.jp/contact 送信開始
20240615 125728 https://www.besthouse.co.jp/contact 送信成功
20240615 125730 246901 株式会社メディアリンクス https://jp.medialinks.com/contact-media-links/ 送信開始
20240615 130227 https://jp.medialinks.com/contact-media-links/ 送信成功
20240615 130228 246902 株式会社ドリーム https://www.mydream.co.jp/contact/ 送信開始
20240615 130245 https://www.mydream.co.jp/contact/ 送信失敗（001）
20240615 130246 246903 株式会社フードリンク https://www.foodlink.co.jp/contact/ 送信開始
20240615 130302 https://www.foodlink.co.jp/contact/ 送信失敗（001）
20240615 130305 246904 三共包装株式会社 https://sankyo-housou.jp/contact/ 送信開始
20240615 130507 https://sankyo-housou.jp/contact/ 送信成功
20240615 130508 246908 スーパードライブ株式会社 https://www.superdrive.io/ja/contact-us/ 送信開始
20240615 130528 https://www.superdrive.io/ja/contact-us/ 送信失敗（001）
20240615 130530 246909 株式会社ハンドベル・ケア http://handbell-care.com/contact/ 送信開始
20240615 130817 http://handbell-care.com/contact/ 送信成功
20240615 130818 246598 株式会社エイドオール https://aid-all.co.jp/contact 送信開始
20240615 131831 https://aid-all.co.jp/contact 送信成功
20240615 131833 246599 株式会社ＩＫＯＵ https://i-kou.jp/contact/ 送信開始
20240615 132241 https://i-kou.jp/contact/ 送信成功
